#
# A fatal error has been detected by the Java Runtime Environment:
#
#  EXCEPTION_ACCESS_VIOLATION (0xc0000005) at pc=0x00007fff6a22b8fd, pid=16240, tid=23316
#
# JRE version: Java(TM) SE Runtime Environment (17.0.10+11) (build 17.0.10+11-LTS-240)
# Java VM: Java HotSpot(TM) 64-Bit Server VM (17.0.10+11-LTS-240, mixed mode, sharing, tiered, compressed oops, compressed class ptrs, g1 gc, windows-amd64)
# Problematic frame:
# V  [jvm.dll+0x69b8fd]
#
# No core dump will be written. Minidumps are not enabled by default on client versions of Windows
#
# If you would like to submit a bug report, please visit:
#   https://bugreport.java.com/bugreport/crash.jsp
#

---------------  S U M M A R Y ------------

Command Line: -XX:MaxMetaspaceSize=512m --add-opens=java.base/java.util=ALL-UNNAMED --add-opens=java.base/java.lang=ALL-UNNAMED --add-opens=java.base/java.lang.invoke=ALL-UNNAMED --add-opens=java.prefs/java.util.prefs=ALL-UNNAMED --add-opens=java.base/java.nio.charset=ALL-UNNAMED --add-opens=java.base/java.net=ALL-UNNAMED --add-opens=java.base/java.util.concurrent.atomic=ALL-UNNAMED -Xmx2048m -Dfile.encoding=windows-1252 -Duser.country=ID -Duser.language=en -Duser.variant -javaagent:C:\Users\MJAZ\.gradle\wrapper\dists\gradle-8.6-all\3mbtmo166bl6vumsh5k2lkq5h\gradle-8.6\lib\agents\gradle-instrumentation-agent-8.6.jar org.gradle.launcher.daemon.bootstrap.GradleDaemon 8.6

Host: Intel(R) Core(TM) i7-10510U CPU @ 1.80GHz, 8 cores, 15G,  Windows 11 , 64 bit Build 22621 (10.0.22621.3672)
Time: Mon Jul 15 14:08:36 2024 SE Asia Standard Time elapsed time: 3.814357 seconds (0d 0h 0m 3s)

---------------  T H R E A D  ---------------

Current thread (0x0000022c6e07d590):  JavaThread "C2 CompilerThread0" daemon [_thread_in_native, id=23316, stack(0x0000006866c00000,0x0000006866d00000)]


Current CompileTask:
C2:   3814 3608       4       java.lang.invoke.MethodType::makeImpl (109 bytes)

Stack: [0x0000006866c00000,0x0000006866d00000],  sp=0x0000006866cfb800,  free space=1006k
Native frames: (J=compiled Java code, j=interpreted, Vv=VM code, C=native code)
V  [jvm.dll+0x69b8fd]
V  [jvm.dll+0x69ae8d]
V  [jvm.dll+0x2188fb]
V  [jvm.dll+0x216c79]
V  [jvm.dll+0x1a3410]
V  [jvm.dll+0x226aeb]
V  [jvm.dll+0x224cab]
V  [jvm.dll+0x78e45c]
V  [jvm.dll+0x78888a]
V  [jvm.dll+0x676935]
C  [ucrtbase.dll+0x29333]
C  [KERNEL32.DLL+0x1257d]
C  [ntdll.dll+0x5af28]


siginfo: EXCEPTION_ACCESS_VIOLATION (0xc0000005), reading address 0x000000016a44c500


Registers:
RAX=0x000000016a44c500, RBX=0x0000022c77edba38, RCX=0x0000022c77cdc1d8, RDX=0x0000022c6e586390
RSP=0x0000006866cfb800, RBP=0x0000000000000132, RSI=0x0000000000000000, RDI=0x0000022c4fe15ed0
R8 =0x0000000000000001, R9 =0x0000022c77ee17a8, R10=0x0000022c77edb810, R11=0x0000022c77edb7a0
R12=0x0000022c6df13680, R13=0x0000022c6df13650, R14=0x0000022c77cdc1d8, R15=0x0000006866cfba90
RIP=0x00007fff6a22b8fd, EFLAGS=0x0000000000010297


Register to memory mapping:

RIP=0x00007fff6a22b8fd jvm.dll
RAX=0x000000016a44c500 is an unknown value
RBX=0x0000022c77edba38 points into unknown readable memory: 0x00007fff6a4973f0 | f0 73 49 6a ff 7f 00 00
RCX=0x0000022c77cdc1d8 points into unknown readable memory: 0x000000016a44c500 | 00 c5 44 6a 01 00 00 00
RDX=0x0000022c6e586390 points into unknown readable memory: 0xc6210000200b9fe1 | e1 9f 0b 20 00 00 21 c6
RSP=0x0000006866cfb800 is pointing into the stack for thread: 0x0000022c6e07d590
RBP=0x0000000000000132 is an unknown value
RSI=0x0 is NULL
RDI=0x0000022c4fe15ed0 points into unknown readable memory: 0x00007fff6a486c20 | 20 6c 48 6a ff 7f 00 00
R8 =0x0000000000000001 is an unknown value
R9 =0x0000022c77ee17a8 points into unknown readable memory: 0xffffffffffffffff | ff ff ff ff ff ff ff ff
R10=0x0000022c77edb810 points into unknown readable memory: 0x0000000000000000 | 00 00 00 00 00 00 00 00
R11=0x0000022c77edb7a0 points into unknown readable memory: 0x0000000000000000 | 00 00 00 00 00 00 00 00
R12=0x0000022c6df13680 points into unknown readable memory: 0x8000000800000001 | 01 00 00 00 08 00 00 80
R13=0x0000022c6df13650 points into unknown readable memory: 0x0000022c6e07d590 | 90 d5 07 6e 2c 02 00 00
R14=0x0000022c77cdc1d8 points into unknown readable memory: 0x000000016a44c500 | 00 c5 44 6a 01 00 00 00
R15=0x0000006866cfba90 is pointing into the stack for thread: 0x0000022c6e07d590


Top of Stack: (sp=0x0000006866cfb800)
0x0000006866cfb800:   0000022c77edba38 0000000000000132
0x0000006866cfb810:   0000000000000000 0000022c77cdc1d8
0x0000006866cfb820:   0000022c77edbfb0 0000022c77edbab8
0x0000006866cfb830:   0000022c77edbfe8 0000022c77edbfb0
0x0000006866cfb840:   0000022c77edbac0 00007fff69db12a1
0x0000006866cfb850:   0000006866cfb9c8 0000006866cfea40
0x0000006866cfb860:   0000022c6df13650 0000022c6df13680
0x0000006866cfb870:   0000022c77edba38 000000000000a1d8
0x0000006866cfb880:   0000000000000019 0000000000000000
0x0000006866cfb890:   0000006866cfba90 00007fff6a22ae8d
0x0000006866cfb8a0:   0000006866cfba90 0000022c77edba38
0x0000006866cfb8b0:   0000022c00000100 0000022c77cdc1d8
0x0000006866cfb8c0:   0000000000000020 00007fff69da88fb
0x0000006866cfb8d0:   0000006866cfb9d0 0000022c6df13630
0x0000006866cfb8e0:   0000006866cfea40 0000022c00456220
0x0000006866cfb8f0:   0000022c00456200 0000022c004224a8 

Instructions: (pc=0x00007fff6a22b8fd)
0x00007fff6a22b7fd:   08 72 0a 8b d3 48 8b ce e8 46 ac fb ff 48 8b 46
0x00007fff6a22b80d:   10 4c 89 34 d8 48 83 c7 08 49 3b fc 72 95 4c 8b
0x00007fff6a22b81d:   7c 24 20 4c 8b 74 24 58 48 8b 74 24 50 48 8b 6c
0x00007fff6a22b82d:   24 48 48 8b 5c 24 40 48 83 c4 28 41 5c 5f c3 cc
0x00007fff6a22b83d:   cc cc cc 48 89 54 24 10 48 89 4c 24 08 53 41 57
0x00007fff6a22b84d:   48 81 ec 88 00 00 00 48 8b da 4c 8b f9 e8 11 ff
0x00007fff6a22b85d:   ff ff 48 8b 4b 10 8b 43 20 48 89 4c 24 28 48 8d
0x00007fff6a22b86d:   04 c1 48 89 44 24 40 48 3b c8 0f 83 d1 07 00 00
0x00007fff6a22b87d:   48 89 ac 24 80 00 00 00 48 89 74 24 78 48 89 7c
0x00007fff6a22b88d:   24 70 4c 89 64 24 68 4c 89 6c 24 60 4c 89 74 24
0x00007fff6a22b89d:   58 66 90 4c 8b 31 4c 89 b4 24 b8 00 00 00 41 f6
0x00007fff6a22b8ad:   46 2c 01 75 0b 41 8b 46 2c 83 e0 7f 3c 50 75 0b
0x00007fff6a22b8bd:   49 8b d6 49 8b cf e8 a8 fe ff ff 41 8b 46 2c 83
0x00007fff6a22b8cd:   e0 3f 3c 2f 75 24 49 8b 46 08 48 3b 58 28 75 1a
0x00007fff6a22b8dd:   33 d2 49 8b ce e8 a9 b0 fa ff 48 85 c0 74 0b 48
0x00007fff6a22b8ed:   8b d0 49 8b cf e8 79 fe ff ff 49 8b 06 49 8b ce
0x00007fff6a22b8fd:   ff 10 41 80 7e 2c c0 8b e8 89 84 24 b0 00 00 00
0x00007fff6a22b90d:   0f 85 1a 01 00 00 49 8b d6 49 8b cf e8 22 ff ff
0x00007fff6a22b91d:   ff 41 83 7e 20 00 76 49 49 8b 4e 10 48 8b 01 83
0x00007fff6a22b92d:   78 20 00 76 3c 48 8b 40 10 48 8b 08 83 79 20 02
0x00007fff6a22b93d:   75 2f 48 8b 41 10 48 8b 10 83 7a 20 00 76 22 48
0x00007fff6a22b94d:   8b 48 08 83 79 20 00 76 18 48 8b 42 10 48 8b 10
0x00007fff6a22b95d:   48 8b 41 10 48 3b 10 75 08 49 8b cf e8 02 fe ff
0x00007fff6a22b96d:   ff 83 fd 4f 0f 85 b6 00 00 00 48 8b d3 49 8b ce
0x00007fff6a22b97d:   e8 5e 11 00 00 48 85 c0 74 0f 49 8d 8f e0 09 00
0x00007fff6a22b98d:   00 48 8b d0 e8 2a 68 a0 ff 49 8b 46 08 33 db 48
0x00007fff6a22b99d:   8b 70 08 39 5e 20 0f 86 84 00 00 00 0f 1f 80 00
0x00007fff6a22b9ad:   00 00 00 48 8b 46 10 48 8d 3c dd 00 00 00 00 48
0x00007fff6a22b9bd:   8b 0c 07 48 8b 01 ff 10 83 f8 37 75 5c 48 8b 46
0x00007fff6a22b9cd:   10 48 8b 14 07 48 8b 42 08 48 8b 00 48 85 c0 74
0x00007fff6a22b9dd:   48 48 8b 40 08 48 8b 08 48 85 c9 74 3c 8b 41 2c
0x00007fff6a22b9ed:   83 e0 1f 3c 15 75 32 48 8b 41 08 48 8b 48 08 48 


Stack slot to memory mapping:
stack at sp + 0 slots: 0x0000022c77edba38 points into unknown readable memory: 0x00007fff6a4973f0 | f0 73 49 6a ff 7f 00 00
stack at sp + 1 slots: 0x0000000000000132 is an unknown value
stack at sp + 2 slots: 0x0 is NULL
stack at sp + 3 slots: 0x0000022c77cdc1d8 points into unknown readable memory: 0x000000016a44c500 | 00 c5 44 6a 01 00 00 00
stack at sp + 4 slots: 0x0000022c77edbfb0 points into unknown readable memory: 0x0000022c77edbfe8 | e8 bf ed 77 2c 02 00 00
stack at sp + 5 slots: 0x0000022c77edbab8 points into unknown readable memory: 0x0000022c77cdc1d8 | d8 c1 cd 77 2c 02 00 00
stack at sp + 6 slots: 0x0000022c77edbfe8 points into unknown readable memory: 0x00007fff6a446e30 | 30 6e 44 6a ff 7f 00 00
stack at sp + 7 slots: 0x0000022c77edbfb0 points into unknown readable memory: 0x0000022c77edbfe8 | e8 bf ed 77 2c 02 00 00


---------------  P R O C E S S  ---------------

Threads class SMR info:
_java_thread_list=0x0000022c754c51b0, length=36, elements={
0x0000022c4fe25e30, 0x0000022c6e0607b0, 0x0000022c6e061630, 0x0000022c6e0781f0,
0x0000022c6e078cc0, 0x0000022c6e07b690, 0x0000022c6e07c050, 0x0000022c6e07d590,
0x0000022c6e080210, 0x0000022c6e1a8090, 0x0000022c6e044800, 0x0000022c6e3d1720,
0x0000022c6e3d3f50, 0x0000022c6e8e2e90, 0x0000022c7439c2f0, 0x0000022c7499e520,
0x0000022c74995eb0, 0x0000022c74874690, 0x0000022c74608440, 0x0000022c744fb7b0,
0x0000022c75199810, 0x0000022c7389cef0, 0x0000022c7389d400, 0x0000022c7389d910,
0x0000022c7389e840, 0x0000022c7389c4d0, 0x0000022c7389de20, 0x0000022c7389e330,
0x0000022c7389bab0, 0x0000022c7389b5a0, 0x0000022c7389ed50, 0x0000022c774edf50,
0x0000022c774e9870, 0x0000022c774f07d0, 0x0000022c774f0ce0, 0x0000022c774eacb0
}

Java Threads: ( => current thread )
  0x0000022c4fe25e30 JavaThread "main" [_thread_blocked, id=17264, stack(0x0000006865f00000,0x0000006866000000)]
  0x0000022c6e0607b0 JavaThread "Reference Handler" daemon [_thread_blocked, id=22532, stack(0x0000006866600000,0x0000006866700000)]
  0x0000022c6e061630 JavaThread "Finalizer" daemon [_thread_blocked, id=22572, stack(0x0000006866700000,0x0000006866800000)]
  0x0000022c6e0781f0 JavaThread "Signal Dispatcher" daemon [_thread_blocked, id=14224, stack(0x0000006866800000,0x0000006866900000)]
  0x0000022c6e078cc0 JavaThread "Attach Listener" daemon [_thread_blocked, id=23012, stack(0x0000006866900000,0x0000006866a00000)]
  0x0000022c6e07b690 JavaThread "Service Thread" daemon [_thread_blocked, id=20836, stack(0x0000006866a00000,0x0000006866b00000)]
  0x0000022c6e07c050 JavaThread "Monitor Deflation Thread" daemon [_thread_blocked, id=12564, stack(0x0000006866b00000,0x0000006866c00000)]
=>0x0000022c6e07d590 JavaThread "C2 CompilerThread0" daemon [_thread_in_native, id=23316, stack(0x0000006866c00000,0x0000006866d00000)]
  0x0000022c6e080210 JavaThread "C1 CompilerThread0" daemon [_thread_in_native, id=7956, stack(0x0000006866d00000,0x0000006866e00000)]
  0x0000022c6e1a8090 JavaThread "Sweeper thread" daemon [_thread_blocked, id=23164, stack(0x0000006866e00000,0x0000006866f00000)]
  0x0000022c6e044800 JavaThread "Common-Cleaner" daemon [_thread_blocked, id=21644, stack(0x0000006866f00000,0x0000006867000000)]
  0x0000022c6e3d1720 JavaThread "Notification Thread" daemon [_thread_blocked, id=23052, stack(0x0000006867000000,0x0000006867100000)]
  0x0000022c6e3d3f50 JavaThread "C2 CompilerThread1" daemon [_thread_in_native, id=23180, stack(0x0000006867200000,0x0000006867300000)]
  0x0000022c6e8e2e90 JavaThread "C2 CompilerThread2" daemon [_thread_in_native, id=23160, stack(0x0000006867300000,0x0000006867400000)]
  0x0000022c7439c2f0 JavaThread "Daemon health stats" [_thread_blocked, id=23096, stack(0x0000006867900000,0x0000006867a00000)]
  0x0000022c7499e520 JavaThread "Incoming local TCP Connector on port 63399" [_thread_in_native, id=1580, stack(0x0000006867a00000,0x0000006867b00000)]
  0x0000022c74995eb0 JavaThread "Daemon periodic checks" [_thread_blocked, id=23032, stack(0x0000006867b00000,0x0000006867c00000)]
  0x0000022c74874690 JavaThread "Daemon" [_thread_blocked, id=1388, stack(0x0000006867c00000,0x0000006867d00000)]
  0x0000022c74608440 JavaThread "Handler for socket connection from /127.0.0.1:63399 to /127.0.0.1:63400" [_thread_in_native, id=19980, stack(0x0000006867d00000,0x0000006867e00000)]
  0x0000022c744fb7b0 JavaThread "Cancel handler" [_thread_blocked, id=23308, stack(0x0000006867e00000,0x0000006867f00000)]
  0x0000022c75199810 JavaThread "Daemon worker" [_thread_in_vm, id=23068, stack(0x0000006867f00000,0x0000006868000000)]
  0x0000022c7389cef0 JavaThread "Asynchronous log dispatcher for DefaultDaemonConnection: socket connection from /127.0.0.1:63399 to /127.0.0.1:63400" [_thread_blocked, id=23060, stack(0x0000006868000000,0x0000006868100000)]
  0x0000022c7389d400 JavaThread "Stdin handler" [_thread_blocked, id=22664, stack(0x0000006868100000,0x0000006868200000)]
  0x0000022c7389d910 JavaThread "Daemon client event forwarder" [_thread_blocked, id=22692, stack(0x0000006868200000,0x0000006868300000)]
  0x0000022c7389e840 JavaThread "Cache worker for journal cache (C:\Users\MJAZ\.gradle\caches\journal-1)" [_thread_blocked, id=17292, stack(0x0000006868300000,0x0000006868400000)]
  0x0000022c7389c4d0 JavaThread "File lock request listener" [_thread_in_native, id=23120, stack(0x0000006868400000,0x0000006868500000)]
  0x0000022c7389de20 JavaThread "Cache worker for file hash cache (C:\Users\MJAZ\.gradle\caches\8.6\fileHashes)" [_thread_blocked, id=23128, stack(0x0000006868500000,0x0000006868600000)]
  0x0000022c7389e330 JavaThread "File watcher server" daemon [_thread_in_native, id=22928, stack(0x0000006868600000,0x0000006868700000)]
  0x0000022c7389bab0 JavaThread "File watcher consumer" daemon [_thread_blocked, id=23136, stack(0x0000006868700000,0x0000006868800000)]
  0x0000022c7389b5a0 JavaThread "Cache worker for checksums cache (C:\Users\MJAZ\Downloads\NFCDir\RFIDGunProj\android\.gradle\8.6\checksums)" [_thread_blocked, id=20800, stack(0x0000006868800000,0x0000006868900000)]
  0x0000022c7389ed50 JavaThread "Cache worker for file hash cache (C:\Users\MJAZ\Downloads\NFCDir\RFIDGunProj\android\.gradle\8.6\fileHashes)" [_thread_blocked, id=21920, stack(0x0000006868c00000,0x0000006868d00000)]
  0x0000022c774edf50 JavaThread "Cache worker for cache directory md-supplier (C:\Users\MJAZ\.gradle\caches\8.6\md-supplier)" [_thread_blocked, id=21860, stack(0x0000006868d00000,0x0000006868e00000)]
  0x0000022c774e9870 JavaThread "Cache worker for cache directory md-rule (C:\Users\MJAZ\.gradle\caches\8.6\md-rule)" [_thread_blocked, id=21844, stack(0x0000006868e00000,0x0000006868f00000)]
  0x0000022c774f07d0 JavaThread "Cache worker for file content cache (C:\Users\MJAZ\.gradle\caches\8.6\fileContent)" [_thread_blocked, id=21764, stack(0x0000006868f00000,0x0000006869000000)]
  0x0000022c774f0ce0 JavaThread "jar transforms" [_thread_blocked, id=22792, stack(0x0000006869100000,0x0000006869200000)]
  0x0000022c774eacb0 JavaThread "jar transforms Thread 2" [_thread_blocked, id=21612, stack(0x0000006869200000,0x0000006869300000)]

Other Threads:
  0x0000022c6e05c410 VMThread "VM Thread" [stack: 0x0000006866500000,0x0000006866600000] [id=12264]
  0x0000022c6e385740 WatcherThread [stack: 0x0000006867100000,0x0000006867200000] [id=6692]
  0x0000022c4fe83b60 GCTaskThread "GC Thread#0" [stack: 0x0000006866000000,0x0000006866100000] [id=22536]
  0x0000022c6ed9ec30 GCTaskThread "GC Thread#1" [stack: 0x0000006867400000,0x0000006867500000] [id=23328]
  0x0000022c7309ae60 GCTaskThread "GC Thread#2" [stack: 0x0000006867500000,0x0000006867600000] [id=23356]
  0x0000022c7309f270 GCTaskThread "GC Thread#3" [stack: 0x0000006867600000,0x0000006867700000] [id=23368]
  0x0000022c6ed17700 GCTaskThread "GC Thread#4" [stack: 0x0000006867700000,0x0000006867800000] [id=13620]
  0x0000022c6ed179c0 GCTaskThread "GC Thread#5" [stack: 0x0000006867800000,0x0000006867900000] [id=21324]
  0x0000022c7523fb70 GCTaskThread "GC Thread#6" [stack: 0x0000006868900000,0x0000006868a00000] [id=15260]
  0x0000022c76ba4020 GCTaskThread "GC Thread#7" [stack: 0x0000006868a00000,0x0000006868b00000] [id=23172]
  0x0000022c4fe95250 ConcurrentGCThread "G1 Main Marker" [stack: 0x0000006866100000,0x0000006866200000] [id=22548]
  0x0000022c4fe95c60 ConcurrentGCThread "G1 Conc#0" [stack: 0x0000006866200000,0x0000006866300000] [id=22696]
  0x0000022c77b75620 ConcurrentGCThread "G1 Conc#1" [stack: 0x0000006868b00000,0x0000006868c00000] [id=23216]
  0x0000022c4feedda0 ConcurrentGCThread "G1 Refine#0" [stack: 0x0000006866300000,0x0000006866400000] [id=21664]
  0x0000022c754b3030 ConcurrentGCThread "G1 Refine#1" [stack: 0x0000006869000000,0x0000006869100000] [id=21696]
  0x0000022c4feee7d0 ConcurrentGCThread "G1 Service" [stack: 0x0000006866400000,0x0000006866500000] [id=22576]

Threads with active compile tasks:
C2 CompilerThread0     3928 3608       4       java.lang.invoke.MethodType::makeImpl (109 bytes)
C1 CompilerThread0     3928 3740       3       com.sun.beans.TypeResolver::resolveInClass (9 bytes)
C2 CompilerThread1     3928 3710       4       java.lang.PublicMethods$MethodList::filter (104 bytes)
C2 CompilerThread2     3928 3549   !   4       java.net.URLClassLoader::findClass (47 bytes)

VM state: not at safepoint (normal execution)

VM Mutex/Monitor currently owned by a thread:  ([mutex/lock_event])
[0x0000022c4fe20d00] CodeCache_lock - owner thread: 0x0000000000000000

Heap address: 0x0000000080000000, size: 2048 MB, Compressed Oops mode: 32-bit

CDS archive(s) mapped at: [0x0000022c00000000-0x0000022c00bd0000-0x0000022c00bd0000), size 12386304, SharedBaseAddress: 0x0000022c00000000, ArchiveRelocationMode: 1.
Compressed class space mapped at: 0x0000022c01000000-0x0000022c1b000000, reserved size: 436207616
Narrow klass base: 0x0000022c00000000, Narrow klass shift: 0, Narrow klass range: 0x100000000

GC Precious Log:
 CPUs: 8 total, 8 available
 Memory: 16135M
 Large Page Support: Disabled
 NUMA Support: Disabled
 Compressed Oops: Enabled (32-bit)
 Heap Region Size: 1M
 Heap Min Capacity: 8M
 Heap Initial Capacity: 254M
 Heap Max Capacity: 2G
 Pre-touch: Disabled
 Parallel Workers: 8
 Concurrent Workers: 2
 Concurrent Refinement Workers: 8
 Periodic GC: Disabled

Heap:
 garbage-first heap   total 81920K, used 37377K [0x0000000080000000, 0x0000000100000000)
  region size 1024K, 14 young (14336K), 4 survivors (4096K)
 Metaspace       used 32056K, committed 32448K, reserved 491520K
  class space    used 4544K, committed 4736K, reserved 425984K

Heap Regions: E=young(eden), S=young(survivor), O=old, HS=humongous(starts), HC=humongous(continues), CS=collection set, F=free, OA=open archive, CA=closed archive, TAMS=top-at-mark-start (previous, next)
|   0|0x0000000080000000, 0x0000000080100000, 0x0000000080100000|100%|HS|  |TAMS 0x0000000080100000, 0x0000000080000000| Complete 
|   1|0x0000000080100000, 0x0000000080200000, 0x0000000080200000|100%|HC|  |TAMS 0x0000000080200000, 0x0000000080100000| Complete 
|   2|0x0000000080200000, 0x0000000080300000, 0x0000000080300000|100%|HC|  |TAMS 0x0000000080300000, 0x0000000080200000| Complete 
|   3|0x0000000080300000, 0x0000000080400000, 0x0000000080400000|100%|HC|  |TAMS 0x0000000080400000, 0x0000000080300000| Complete 
|   4|0x0000000080400000, 0x0000000080500000, 0x0000000080500000|100%| O|  |TAMS 0x0000000080500000, 0x0000000080400000| Untracked 
|   5|0x0000000080500000, 0x0000000080600000, 0x0000000080600000|100%| O|  |TAMS 0x0000000080600000, 0x0000000080500000| Untracked 
|   6|0x0000000080600000, 0x0000000080700000, 0x0000000080700000|100%| O|  |TAMS 0x0000000080700000, 0x0000000080600000| Untracked 
|   7|0x0000000080700000, 0x0000000080800000, 0x0000000080800000|100%| O|  |TAMS 0x0000000080800000, 0x0000000080700000| Untracked 
|   8|0x0000000080800000, 0x0000000080900000, 0x0000000080900000|100%| O|  |TAMS 0x0000000080900000, 0x0000000080800000| Untracked 
|   9|0x0000000080900000, 0x0000000080a00000, 0x0000000080a00000|100%| O|  |TAMS 0x0000000080a00000, 0x0000000080900000| Untracked 
|  10|0x0000000080a00000, 0x0000000080a00000, 0x0000000080b00000|  0%| F|  |TAMS 0x0000000080a00000, 0x0000000080a00000| Untracked 
|  11|0x0000000080b00000, 0x0000000080c00000, 0x0000000080c00000|100%| O|  |TAMS 0x0000000080b00000, 0x0000000080b00000| Untracked 
|  12|0x0000000080c00000, 0x0000000080d00000, 0x0000000080d00000|100%| O|  |TAMS 0x0000000080c00000, 0x0000000080c00000| Untracked 
|  13|0x0000000080d00000, 0x0000000080e00000, 0x0000000080e00000|100%| O|  |TAMS 0x0000000080d00000, 0x0000000080d00000| Untracked 
|  14|0x0000000080e00000, 0x0000000080f00000, 0x0000000080f00000|100%| O|  |TAMS 0x0000000080e00000, 0x0000000080e00000| Untracked 
|  15|0x0000000080f00000, 0x0000000081000000, 0x0000000081000000|100%| O|  |TAMS 0x0000000080f00000, 0x0000000080f00000| Untracked 
|  16|0x0000000081000000, 0x0000000081100000, 0x0000000081100000|100%| O|  |TAMS 0x0000000081000000, 0x0000000081000000| Untracked 
|  17|0x0000000081100000, 0x0000000081200000, 0x0000000081200000|100%| O|  |TAMS 0x0000000081100000, 0x0000000081100000| Untracked 
|  18|0x0000000081200000, 0x0000000081300000, 0x0000000081300000|100%| O|  |TAMS 0x0000000081200000, 0x0000000081200000| Untracked 
|  19|0x0000000081300000, 0x0000000081400000, 0x0000000081400000|100%| O|  |TAMS 0x0000000081300000, 0x0000000081300000| Untracked 
|  20|0x0000000081400000, 0x0000000081500000, 0x0000000081500000|100%| O|  |TAMS 0x0000000081400000, 0x0000000081400000| Untracked 
|  21|0x0000000081500000, 0x0000000081600000, 0x0000000081600000|100%| O|  |TAMS 0x0000000081500000, 0x0000000081500000| Untracked 
|  22|0x0000000081600000, 0x0000000081700000, 0x0000000081700000|100%| O|  |TAMS 0x0000000081600000, 0x0000000081600000| Untracked 
|  23|0x0000000081700000, 0x0000000081800000, 0x0000000081800000|100%| O|  |TAMS 0x0000000081700000, 0x0000000081700000| Untracked 
|  24|0x0000000081800000, 0x0000000081900000, 0x0000000081900000|100%| O|  |TAMS 0x0000000081800000, 0x0000000081800000| Untracked 
|  25|0x0000000081900000, 0x0000000081900000, 0x0000000081a00000|  0%| F|  |TAMS 0x0000000081900000, 0x0000000081900000| Untracked 
|  26|0x0000000081a00000, 0x0000000081a00000, 0x0000000081b00000|  0%| F|  |TAMS 0x0000000081a00000, 0x0000000081a00000| Untracked 
|  27|0x0000000081b00000, 0x0000000081b00000, 0x0000000081c00000|  0%| F|  |TAMS 0x0000000081b00000, 0x0000000081b00000| Untracked 
|  28|0x0000000081c00000, 0x0000000081c00000, 0x0000000081d00000|  0%| F|  |TAMS 0x0000000081c00000, 0x0000000081c00000| Untracked 
|  29|0x0000000081d00000, 0x0000000081d00000, 0x0000000081e00000|  0%| F|  |TAMS 0x0000000081d00000, 0x0000000081d00000| Untracked 
|  30|0x0000000081e00000, 0x0000000081e00000, 0x0000000081f00000|  0%| F|  |TAMS 0x0000000081e00000, 0x0000000081e00000| Untracked 
|  31|0x0000000081f00000, 0x0000000081f00000, 0x0000000082000000|  0%| F|  |TAMS 0x0000000081f00000, 0x0000000081f00000| Untracked 
|  32|0x0000000082000000, 0x0000000082000000, 0x0000000082100000|  0%| F|  |TAMS 0x0000000082000000, 0x0000000082000000| Untracked 
|  33|0x0000000082100000, 0x0000000082100000, 0x0000000082200000|  0%| F|  |TAMS 0x0000000082100000, 0x0000000082100000| Untracked 
|  34|0x0000000082200000, 0x0000000082200000, 0x0000000082300000|  0%| F|  |TAMS 0x0000000082200000, 0x0000000082200000| Untracked 
|  35|0x0000000082300000, 0x0000000082300000, 0x0000000082400000|  0%| F|  |TAMS 0x0000000082300000, 0x0000000082300000| Untracked 
|  36|0x0000000082400000, 0x0000000082400000, 0x0000000082500000|  0%| F|  |TAMS 0x0000000082400000, 0x0000000082400000| Untracked 
|  37|0x0000000082500000, 0x0000000082500000, 0x0000000082600000|  0%| F|  |TAMS 0x0000000082500000, 0x0000000082500000| Untracked 
|  38|0x0000000082600000, 0x0000000082600000, 0x0000000082700000|  0%| F|  |TAMS 0x0000000082600000, 0x0000000082600000| Untracked 
|  39|0x0000000082700000, 0x0000000082700000, 0x0000000082800000|  0%| F|  |TAMS 0x0000000082700000, 0x0000000082700000| Untracked 
|  40|0x0000000082800000, 0x0000000082880438, 0x0000000082900000| 50%| S|CS|TAMS 0x0000000082800000, 0x0000000082800000| Complete 
|  41|0x0000000082900000, 0x0000000082a00000, 0x0000000082a00000|100%| S|CS|TAMS 0x0000000082900000, 0x0000000082900000| Complete 
|  42|0x0000000082a00000, 0x0000000082b00000, 0x0000000082b00000|100%| S|CS|TAMS 0x0000000082a00000, 0x0000000082a00000| Complete 
|  43|0x0000000082b00000, 0x0000000082c00000, 0x0000000082c00000|100%| S|CS|TAMS 0x0000000082b00000, 0x0000000082b00000| Complete 
|  44|0x0000000082c00000, 0x0000000082c00000, 0x0000000082d00000|  0%| F|  |TAMS 0x0000000082c00000, 0x0000000082c00000| Untracked 
|  45|0x0000000082d00000, 0x0000000082d00000, 0x0000000082e00000|  0%| F|  |TAMS 0x0000000082d00000, 0x0000000082d00000| Untracked 
|  46|0x0000000082e00000, 0x0000000082e00000, 0x0000000082f00000|  0%| F|  |TAMS 0x0000000082e00000, 0x0000000082e00000| Untracked 
|  47|0x0000000082f00000, 0x0000000082f00000, 0x0000000083000000|  0%| F|  |TAMS 0x0000000082f00000, 0x0000000082f00000| Untracked 
|  48|0x0000000083000000, 0x0000000083000000, 0x0000000083100000|  0%| F|  |TAMS 0x0000000083000000, 0x0000000083000000| Untracked 
|  49|0x0000000083100000, 0x0000000083100000, 0x0000000083200000|  0%| F|  |TAMS 0x0000000083100000, 0x0000000083100000| Untracked 
|  50|0x0000000083200000, 0x0000000083200000, 0x0000000083300000|  0%| F|  |TAMS 0x0000000083200000, 0x0000000083200000| Untracked 
|  51|0x0000000083300000, 0x0000000083300000, 0x0000000083400000|  0%| F|  |TAMS 0x0000000083300000, 0x0000000083300000| Untracked 
|  52|0x0000000083400000, 0x0000000083400000, 0x0000000083500000|  0%| F|  |TAMS 0x0000000083400000, 0x0000000083400000| Untracked 
|  53|0x0000000083500000, 0x0000000083500000, 0x0000000083600000|  0%| F|  |TAMS 0x0000000083500000, 0x0000000083500000| Untracked 
|  54|0x0000000083600000, 0x0000000083600000, 0x0000000083700000|  0%| F|  |TAMS 0x0000000083600000, 0x0000000083600000| Untracked 
|  55|0x0000000083700000, 0x0000000083700000, 0x0000000083800000|  0%| F|  |TAMS 0x0000000083700000, 0x0000000083700000| Untracked 
|  56|0x0000000083800000, 0x0000000083800000, 0x0000000083900000|  0%| F|  |TAMS 0x0000000083800000, 0x0000000083800000| Untracked 
|  57|0x0000000083900000, 0x0000000083900000, 0x0000000083a00000|  0%| F|  |TAMS 0x0000000083900000, 0x0000000083900000| Untracked 
|  58|0x0000000083a00000, 0x0000000083a00000, 0x0000000083b00000|  0%| F|  |TAMS 0x0000000083a00000, 0x0000000083a00000| Untracked 
|  59|0x0000000083b00000, 0x0000000083b00000, 0x0000000083c00000|  0%| F|  |TAMS 0x0000000083b00000, 0x0000000083b00000| Untracked 
|  60|0x0000000083c00000, 0x0000000083c00000, 0x0000000083d00000|  0%| F|  |TAMS 0x0000000083c00000, 0x0000000083c00000| Untracked 
|  61|0x0000000083d00000, 0x0000000083d00000, 0x0000000083e00000|  0%| F|  |TAMS 0x0000000083d00000, 0x0000000083d00000| Untracked 
|  62|0x0000000083e00000, 0x0000000083e00000, 0x0000000083f00000|  0%| F|  |TAMS 0x0000000083e00000, 0x0000000083e00000| Untracked 
|  63|0x0000000083f00000, 0x0000000083f00000, 0x0000000084000000|  0%| F|  |TAMS 0x0000000083f00000, 0x0000000083f00000| Untracked 
|  64|0x0000000084000000, 0x0000000084000000, 0x0000000084100000|  0%| F|  |TAMS 0x0000000084000000, 0x0000000084000000| Untracked 
|  65|0x0000000084100000, 0x0000000084100000, 0x0000000084200000|  0%| F|  |TAMS 0x0000000084100000, 0x0000000084100000| Untracked 
|  66|0x0000000084200000, 0x0000000084200000, 0x0000000084300000|  0%| F|  |TAMS 0x0000000084200000, 0x0000000084200000| Untracked 
| 123|0x0000000087b00000, 0x0000000087b00000, 0x0000000087c00000|  0%| F|  |TAMS 0x0000000087b00000, 0x0000000087b00000| Untracked 
| 124|0x0000000087c00000, 0x0000000087c00000, 0x0000000087d00000|  0%| F|  |TAMS 0x0000000087c00000, 0x0000000087c00000| Untracked 
| 125|0x0000000087d00000, 0x0000000087d85da8, 0x0000000087e00000| 52%| E|  |TAMS 0x0000000087d00000, 0x0000000087d00000| Complete 
| 126|0x0000000087e00000, 0x0000000087f00000, 0x0000000087f00000|100%| E|CS|TAMS 0x0000000087e00000, 0x0000000087e00000| Complete 
| 127|0x0000000087f00000, 0x0000000088000000, 0x0000000088000000|100%| E|CS|TAMS 0x0000000087f00000, 0x0000000087f00000| Complete 
| 128|0x0000000088000000, 0x0000000088100000, 0x0000000088100000|100%| E|CS|TAMS 0x0000000088000000, 0x0000000088000000| Complete 
| 129|0x0000000088100000, 0x0000000088200000, 0x0000000088200000|100%| E|CS|TAMS 0x0000000088100000, 0x0000000088100000| Complete 
| 130|0x0000000088200000, 0x0000000088300000, 0x0000000088300000|100%| E|CS|TAMS 0x0000000088200000, 0x0000000088200000| Complete 
| 131|0x0000000088300000, 0x0000000088400000, 0x0000000088400000|100%| E|CS|TAMS 0x0000000088300000, 0x0000000088300000| Complete 
| 132|0x0000000088400000, 0x0000000088500000, 0x0000000088500000|100%| E|CS|TAMS 0x0000000088400000, 0x0000000088400000| Complete 
| 133|0x0000000088500000, 0x0000000088600000, 0x0000000088600000|100%| E|CS|TAMS 0x0000000088500000, 0x0000000088500000| Complete 
| 134|0x0000000088600000, 0x0000000088700000, 0x0000000088700000|100%| E|CS|TAMS 0x0000000088600000, 0x0000000088600000| Complete 
| 253|0x000000008fd00000, 0x000000008fe00000, 0x000000008fe00000|100%| E|CS|TAMS 0x000000008fd00000, 0x000000008fd00000| Complete 

Card table byte_map: [0x0000022c66e00000,0x0000022c67200000] _byte_map_base: 0x0000022c66a00000

Marking Bits (Prev, Next): (CMBitMap*) 0x0000022c4fe841c0, (CMBitMap*) 0x0000022c4fe84180
 Prev Bits: [0x0000022c69600000, 0x0000022c6b600000)
 Next Bits: [0x0000022c67600000, 0x0000022c69600000)

Polling page: 0x0000022c4f5f0000

Metaspace:

Usage:
  Non-class:     26.90 MB used.
      Class:      4.44 MB used.
       Both:     31.35 MB used.

Virtual space:
  Non-class space:       64.00 MB reserved,      27.12 MB ( 42%) committed,  1 nodes.
      Class space:      416.00 MB reserved,       4.62 MB (  1%) committed,  1 nodes.
             Both:      480.00 MB reserved,      31.75 MB (  7%) committed. 

Chunk freelists:
   Non-Class:  4.61 MB
       Class:  11.33 MB
        Both:  15.94 MB

MaxMetaspaceSize: 512.00 MB
CompressedClassSpaceSize: 416.00 MB
Initial GC threshold: 21.00 MB
Current GC threshold: 35.12 MB
CDS: on
MetaspaceReclaimPolicy: balanced
 - commit_granule_bytes: 65536.
 - commit_granule_words: 8192.
 - virtual_space_node_default_size: 8388608.
 - enlarge_chunks_in_place: 1.
 - new_chunks_are_fully_committed: 0.
 - uncommit_free_chunks: 1.
 - use_allocation_guard: 0.
 - handle_deallocations: 1.


Internal statistics:

num_allocs_failed_limit: 3.
num_arena_births: 324.
num_arena_deaths: 0.
num_vsnodes_births: 2.
num_vsnodes_deaths: 0.
num_space_committed: 508.
num_space_uncommitted: 0.
num_chunks_returned_to_freelist: 3.
num_chunks_taken_from_freelist: 1471.
num_chunk_merges: 0.
num_chunk_splits: 982.
num_chunks_enlarged: 709.
num_inconsistent_stats: 0.

CodeHeap 'non-profiled nmethods': size=120000Kb used=2154Kb max_used=2154Kb free=117845Kb
 bounds [0x0000022c5f1a0000, 0x0000022c5f410000, 0x0000022c666d0000]
CodeHeap 'profiled nmethods': size=120000Kb used=7762Kb max_used=7762Kb free=112237Kb
 bounds [0x0000022c576d0000, 0x0000022c57e70000, 0x0000022c5ec00000]
CodeHeap 'non-nmethods': size=5760Kb used=1594Kb max_used=1678Kb free=4166Kb
 bounds [0x0000022c5ec00000, 0x0000022c5ee70000, 0x0000022c5f1a0000]
 total_blobs=4398 nmethods=3743 adapters=566
 compilation: enabled
              stopped_count=0, restarted_count=0
 full_count=0

Compilation events (20 events):
Event: 3.800 Thread 0x0000022c6e080210 3615       3       java.io.BufferedInputStream::read1 (108 bytes)
Event: 3.800 Thread 0x0000022c6e080210 nmethod 3615 0x0000022c57e17a90 code [0x0000022c57e17ce0, 0x0000022c57e185f8]
Event: 3.801 Thread 0x0000022c6e080210 3617  s    3       java.io.BufferedInputStream::read (113 bytes)
Event: 3.801 Thread 0x0000022c6e080210 nmethod 3617 0x0000022c57e18890 code [0x0000022c57e18ac0, 0x0000022c57e19398]
Event: 3.801 Thread 0x0000022c6e080210 3616       3       com.google.common.io.CountingInputStream::read (25 bytes)
Event: 3.801 Thread 0x0000022c6e080210 nmethod 3616 0x0000022c57e19610 code [0x0000022c57e197c0, 0x0000022c57e199e8]
Event: 3.802 Thread 0x0000022c6e080210 3619       3       java.io.DataInputStream::readLong (128 bytes)
Event: 3.802 Thread 0x0000022c6e080210 nmethod 3619 0x0000022c57e19b10 code [0x0000022c57e19cc0, 0x0000022c57e19fc8]
Event: 3.802 Thread 0x0000022c6e080210 3620       3       org.gradle.cache.internal.btree.BlockPointer::<init> (10 bytes)
Event: 3.802 Thread 0x0000022c6e080210 nmethod 3620 0x0000022c57e1a190 code [0x0000022c57e1a320, 0x0000022c57e1a498]
Event: 3.802 Thread 0x0000022c6e080210 3621       3       org.gradle.cache.internal.btree.BlockPointer::pos (56 bytes)
Event: 3.803 Thread 0x0000022c6e080210 nmethod 3621 0x0000022c57e1a590 code [0x0000022c57e1a7e0, 0x0000022c57e1b018]
Event: 3.804 Thread 0x0000022c6e080210 3622       3       com.google.common.cache.LocalCache::expiresAfterWrite (15 bytes)
Event: 3.804 Thread 0x0000022c6e080210 nmethod 3622 0x0000022c57e1b310 code [0x0000022c57e1b4a0, 0x0000022c57e1b618]
Event: 3.804 Thread 0x0000022c6e080210 3623       3       com.google.common.io.CountingInputStream::read (33 bytes)
Event: 3.804 Thread 0x0000022c6e080210 nmethod 3623 0x0000022c57e1b690 code [0x0000022c57e1b840, 0x0000022c57e1ba68]
Event: 3.804 Thread 0x0000022c6e080210 3624       3       org.gradle.cache.internal.btree.BTreePersistentIndexedCache$IndexEntry::<init> (5 bytes)
Event: 3.804 Thread 0x0000022c6e080210 nmethod 3624 0x0000022c57e1bb90 code [0x0000022c57e1bd40, 0x0000022c57e1bef8]
Event: 3.804 Thread 0x0000022c6e080210 3625       3       org.gradle.cache.internal.btree.BTreePersistentIndexedCache$IndexEntry::<init> (5 bytes)
Event: 3.805 Thread 0x0000022c6e080210 nmethod 3625 0x0000022c57e1c010 code [0x0000022c57e1c1a0, 0x0000022c57e1c2f8]

GC Heap History (12 events):
Event: 0.529 GC heap before
{Heap before GC invocations=0 (full 0):
 garbage-first heap   total 260096K, used 26624K [0x0000000080000000, 0x0000000100000000)
  region size 1024K, 23 young (23552K), 0 survivors (0K)
 Metaspace       used 3045K, committed 3136K, reserved 491520K
  class space    used 392K, committed 448K, reserved 425984K
}
Event: 0.532 GC heap after
{Heap after GC invocations=1 (full 0):
 garbage-first heap   total 260096K, used 10596K [0x0000000080000000, 0x0000000100000000)
  region size 1024K, 3 young (3072K), 3 survivors (3072K)
 Metaspace       used 3045K, committed 3136K, reserved 491520K
  class space    used 392K, committed 448K, reserved 425984K
}
Event: 0.950 GC heap before
{Heap before GC invocations=1 (full 0):
 garbage-first heap   total 260096K, used 37220K [0x0000000080000000, 0x0000000100000000)
  region size 1024K, 29 young (29696K), 3 survivors (3072K)
 Metaspace       used 3970K, committed 4160K, reserved 491520K
  class space    used 489K, committed 576K, reserved 425984K
}
Event: 0.953 GC heap after
{Heap after GC invocations=2 (full 0):
 garbage-first heap   total 260096K, used 11247K [0x0000000080000000, 0x0000000100000000)
  region size 1024K, 1 young (1024K), 1 survivors (1024K)
 Metaspace       used 3970K, committed 4160K, reserved 491520K
  class space    used 489K, committed 576K, reserved 425984K
}
Event: 2.872 GC heap before
{Heap before GC invocations=2 (full 0):
 garbage-first heap   total 260096K, used 132079K [0x0000000080000000, 0x0000000100000000)
  region size 1024K, 119 young (121856K), 1 survivors (1024K)
 Metaspace       used 21211K, committed 21504K, reserved 491520K
  class space    used 3119K, committed 3264K, reserved 425984K
}
Event: 2.880 GC heap after
{Heap after GC invocations=3 (full 0):
 garbage-first heap   total 260096K, used 22462K [0x0000000080000000, 0x0000000100000000)
  region size 1024K, 12 young (12288K), 12 survivors (12288K)
 Metaspace       used 21211K, committed 21504K, reserved 491520K
  class space    used 3119K, committed 3264K, reserved 425984K
}
Event: 3.350 GC heap before
{Heap before GC invocations=4 (full 0):
 garbage-first heap   total 81920K, used 59326K [0x0000000080000000, 0x0000000100000000)
  region size 1024K, 48 young (49152K), 12 survivors (12288K)
 Metaspace       used 26160K, committed 26496K, reserved 491520K
  class space    used 3837K, committed 3968K, reserved 425984K
}
Event: 3.359 GC heap after
{Heap after GC invocations=5 (full 0):
 garbage-first heap   total 81920K, used 24864K [0x0000000080000000, 0x0000000100000000)
  region size 1024K, 3 young (3072K), 3 survivors (3072K)
 Metaspace       used 26160K, committed 26496K, reserved 491520K
  class space    used 3837K, committed 3968K, reserved 425984K
}
Event: 3.376 GC heap before
{Heap before GC invocations=5 (full 0):
 garbage-first heap   total 81920K, used 24864K [0x0000000080000000, 0x0000000100000000)
  region size 1024K, 4 young (4096K), 3 survivors (3072K)
 Metaspace       used 26372K, committed 26688K, reserved 491520K
  class space    used 3851K, committed 3968K, reserved 425984K
}
Event: 3.379 GC heap after
{Heap after GC invocations=6 (full 0):
 garbage-first heap   total 81920K, used 25232K [0x0000000080000000, 0x0000000100000000)
  region size 1024K, 1 young (1024K), 1 survivors (1024K)
 Metaspace       used 26372K, committed 26688K, reserved 491520K
  class space    used 3851K, committed 3968K, reserved 425984K
}
Event: 3.788 GC heap before
{Heap before GC invocations=6 (full 0):
 garbage-first heap   total 81920K, used 60048K [0x0000000080000000, 0x0000000100000000)
  region size 1024K, 36 young (36864K), 1 survivors (1024K)
 Metaspace       used 31111K, committed 31552K, reserved 491520K
  class space    used 4405K, committed 4608K, reserved 425984K
}
Event: 3.792 GC heap after
{Heap after GC invocations=7 (full 0):
 garbage-first heap   total 81920K, used 28161K [0x0000000080000000, 0x0000000100000000)
  region size 1024K, 4 young (4096K), 4 survivors (4096K)
 Metaspace       used 31111K, committed 31552K, reserved 491520K
  class space    used 4405K, committed 4608K, reserved 425984K
}

Deoptimization events (20 events):
Event: 3.531 Thread 0x0000022c75199810 Uncommon trap: trap_request=0xffffff45 fr.pc=0x0000022c5f2f8268 relative=0x0000000000006148
Event: 3.531 Thread 0x0000022c75199810 Uncommon trap: reason=unstable_if action=reinterpret pc=0x0000022c5f2f8268 method=java.lang.ClassLoader.getClassLoadingLock(Ljava/lang/String;)Ljava/lang/Object; @ 6 c2
Event: 3.531 Thread 0x0000022c75199810 DEOPT PACKING pc=0x0000022c5f2f8268 sp=0x0000006867ff9030
Event: 3.531 Thread 0x0000022c75199810 DEOPT UNPACKING pc=0x0000022c5ec523a3 sp=0x0000006867ff9060 mode 2
Event: 3.537 Thread 0x0000022c75199810 Uncommon trap: trap_request=0xffffffc6 fr.pc=0x0000022c5f32c948 relative=0x0000000000004488
Event: 3.537 Thread 0x0000022c75199810 Uncommon trap: reason=bimorphic_or_optimized_type_check action=maybe_recompile pc=0x0000022c5f32c948 method=java.net.URL.<init>(Ljava/net/URL;Ljava/lang/String;Ljava/net/URLStreamHandler;)V @ 504 c2
Event: 3.537 Thread 0x0000022c75199810 DEOPT PACKING pc=0x0000022c5f32c948 sp=0x0000006867ff87b0
Event: 3.537 Thread 0x0000022c75199810 DEOPT UNPACKING pc=0x0000022c5ec523a3 sp=0x0000006867ff8750 mode 2
Event: 3.596 Thread 0x0000022c75199810 Uncommon trap: trap_request=0xffffff45 fr.pc=0x0000022c5f2afa8c relative=0x00000000000000ec
Event: 3.596 Thread 0x0000022c75199810 Uncommon trap: reason=unstable_if action=reinterpret pc=0x0000022c5f2afa8c method=java.lang.ClassLoader.getClassLoadingLock(Ljava/lang/String;)Ljava/lang/Object; @ 6 c2
Event: 3.596 Thread 0x0000022c75199810 DEOPT PACKING pc=0x0000022c5f2afa8c sp=0x0000006867ff90c0
Event: 3.596 Thread 0x0000022c75199810 DEOPT UNPACKING pc=0x0000022c5ec523a3 sp=0x0000006867ff9060 mode 2
Event: 3.598 Thread 0x0000022c75199810 Uncommon trap: trap_request=0xffffff6e fr.pc=0x0000022c5f38f3c0 relative=0x00000000000004e0
Event: 3.598 Thread 0x0000022c75199810 Uncommon trap: reason=loop_limit_check action=maybe_recompile pc=0x0000022c5f38f3c0 method=java.util.regex.Pattern$Start.match(Ljava/util/regex/Matcher;ILjava/lang/CharSequence;)Z @ 34 c2
Event: 3.598 Thread 0x0000022c75199810 DEOPT PACKING pc=0x0000022c5f38f3c0 sp=0x0000006867ff8e00
Event: 3.598 Thread 0x0000022c75199810 DEOPT UNPACKING pc=0x0000022c5ec523a3 sp=0x0000006867ff8d40 mode 2
Event: 3.734 Thread 0x0000022c75199810 DEOPT PACKING pc=0x0000022c5778c5cb sp=0x0000006867ff9430
Event: 3.734 Thread 0x0000022c75199810 DEOPT UNPACKING pc=0x0000022c5ec52b43 sp=0x0000006867ff8950 mode 0
Event: 3.782 Thread 0x0000022c774f0ce0 DEOPT PACKING pc=0x0000022c57a907dc sp=0x00000068691feaf0
Event: 3.782 Thread 0x0000022c774f0ce0 DEOPT UNPACKING pc=0x0000022c5ec52b43 sp=0x00000068691fe070 mode 0

Classes unloaded (0 events):
No events

Classes redefined (0 events):
No events

Internal exceptions (20 events):
Event: 3.488 Thread 0x0000022c75199810 Exception <a 'java/lang/ClassNotFoundException'{0x000000008803c360}: java/lang/ObjectCustomizer> (0x000000008803c360) 
thrown [s\open\src\hotspot\share\classfile\systemDictionary.cpp, line 256]
Event: 3.490 Thread 0x0000022c75199810 Exception <a 'java/lang/IncompatibleClassChangeError'{0x000000008804bdf8}: Found class java.lang.Object, but interface was expected> (0x000000008804bdf8) 
thrown [s\open\src\hotspot\share\interpreter\linkResolver.cpp, line 826]
Event: 3.493 Thread 0x0000022c75199810 Exception <a 'java/lang/ClassNotFoundException'{0x00000000880715e0}: groovy/lang/MetaClassImplCustomizer> (0x00000000880715e0) 
thrown [s\open\src\hotspot\share\classfile\systemDictionary.cpp, line 256]
Event: 3.495 Thread 0x0000022c75199810 Exception <a 'java/lang/ClassNotFoundException'{0x00000000880a7900}: groovy/lang/ExpandoMetaClassCustomizer> (0x00000000880a7900) 
thrown [s\open\src\hotspot\share\classfile\systemDictionary.cpp, line 256]
Event: 3.676 Thread 0x0000022c75199810 Exception <a 'java/lang/ClassNotFoundException'{0x00000000832f1e78}: org/gradle/internal/extensibility/DefaultExtraPropertiesExtensionBeanInfo> (0x00000000832f1e78) 
thrown [s\open\src\hotspot\share\classfile\systemDictionary.cpp, line 256]
Event: 3.677 Thread 0x0000022c75199810 Exception <a 'java/lang/ClassNotFoundException'{0x0000000083108de0}: groovy/lang/GroovyObjectSupportBeanInfo> (0x0000000083108de0) 
thrown [s\open\src\hotspot\share\classfile\systemDictionary.cpp, line 256]
Event: 3.677 Thread 0x0000022c75199810 Exception <a 'java/lang/ClassNotFoundException'{0x000000008311f820}: groovy/lang/GroovyObjectSupportCustomizer> (0x000000008311f820) 
thrown [s\open\src\hotspot\share\classfile\systemDictionary.cpp, line 256]
Event: 3.679 Thread 0x0000022c75199810 Exception <a 'java/lang/ClassNotFoundException'{0x0000000083138e40}: org/gradle/internal/extensibility/DefaultExtraPropertiesExtensionCustomizer> (0x0000000083138e40) 
thrown [s\open\src\hotspot\share\classfile\systemDictionary.cpp, line 256]
Event: 3.698 Thread 0x0000022c75199810 Exception <a 'sun/nio/fs/WindowsException'{0x0000000083029be8}> (0x0000000083029be8) 
thrown [s\open\src\hotspot\share\prims\jni.cpp, line 516]
Event: 3.699 Thread 0x0000022c75199810 Exception <a 'sun/nio/fs/WindowsException'{0x000000008302b198}> (0x000000008302b198) 
thrown [s\open\src\hotspot\share\prims\jni.cpp, line 516]
Event: 3.699 Thread 0x0000022c75199810 Exception <a 'sun/nio/fs/WindowsException'{0x000000008302c700}> (0x000000008302c700) 
thrown [s\open\src\hotspot\share\prims\jni.cpp, line 516]
Event: 3.700 Thread 0x0000022c75199810 Exception <a 'sun/nio/fs/WindowsException'{0x000000008302dc88}> (0x000000008302dc88) 
thrown [s\open\src\hotspot\share\prims\jni.cpp, line 516]
Event: 3.736 Thread 0x0000022c75199810 Exception <a 'java/lang/NoSuchMethodError'{0x0000000082e30208}: 'void java.lang.invoke.DirectMethodHandle$Holder.invokeStatic(java.lang.Object, java.lang.Object, java.lang.Object, java.lang.Object, java.lang.Object, java.lang.Object)'> (0x0000000082e30208) 
thrown [s\open\src\hotspot\share\interpreter\linkResolver.cpp, line 759]
Event: 3.751 Thread 0x0000022c75199810 Exception <a 'java/lang/NoSuchMethodError'{0x0000000082ed51a0}: 'java.lang.Object java.lang.invoke.DirectMethodHandle$Holder.newInvokeSpecial(java.lang.Object, java.lang.Object, long)'> (0x0000000082ed51a0) 
thrown [s\open\src\hotspot\share\interpreter\linkResolver.cpp, line 759]
Event: 3.751 Thread 0x0000022c75199810 Exception <a 'java/lang/NoSuchMethodError'{0x0000000082ed9a58}: 'java.lang.Object java.lang.invoke.Invokers$Holder.linkToTargetMethod(java.lang.Object, long, java.lang.Object)'> (0x0000000082ed9a58) 
thrown [s\open\src\hotspot\share\interpreter\linkResolver.cpp, line 759]
Event: 3.774 Thread 0x0000022c75199810 Exception <a 'java/lang/NoSuchMethodError'{0x0000000082c05420}: 'int java.lang.invoke.DirectMethodHandle$Holder.invokeInterface(java.lang.Object, java.lang.Object)'> (0x0000000082c05420) 
thrown [s\open\src\hotspot\share\interpreter\linkResolver.cpp, line 759]
Event: 3.776 Thread 0x0000022c75199810 Exception <a 'java/lang/NoSuchMethodError'{0x0000000082c2ebc0}: 'java.lang.Object java.lang.invoke.DirectMethodHandle$Holder.invokeStatic(java.lang.Object, java.lang.Object, int, java.lang.Object)'> (0x0000000082c2ebc0) 
thrown [s\open\src\hotspot\share\interpreter\linkResolver.cpp, line 759]
Event: 3.776 Thread 0x0000022c75199810 Exception <a 'java/lang/NoSuchMethodError'{0x0000000082c36960}: 'java.lang.Object java.lang.invoke.DirectMethodHandle$Holder.newInvokeSpecial(java.lang.Object, java.lang.Object, int, java.lang.Object)'> (0x0000000082c36960) 
thrown [s\open\src\hotspot\share\interpreter\linkResolver.cpp, line 759]
Event: 3.777 Thread 0x0000022c75199810 Exception <a 'java/lang/NoSuchMethodError'{0x0000000082c3b248}: 'java.lang.Object java.lang.invoke.DirectMethodHandle$Holder.invokeSpecial(java.lang.Object, java.lang.Object, java.lang.Object, int, java.lang.Object)'> (0x0000000082c3b248) 
thrown [s\open\src\hotspot\share\interpreter\linkResolver.cpp, line 759]
Event: 3.804 Thread 0x0000022c75199810 Exception <a 'java/lang/IncompatibleClassChangeError'{0x000000008fd78028}: Found class java.lang.Object, but interface was expected> (0x000000008fd78028) 
thrown [s\open\src\hotspot\share\interpreter\linkResolver.cpp, line 826]

VM Operations (20 events):
Event: 3.443 Executing VM operation: HandshakeAllThreads
Event: 3.443 Executing VM operation: HandshakeAllThreads done
Event: 3.537 Executing VM operation: HandshakeAllThreads
Event: 3.537 Executing VM operation: HandshakeAllThreads done
Event: 3.537 Executing VM operation: HandshakeAllThreads
Event: 3.538 Executing VM operation: HandshakeAllThreads done
Event: 3.540 Executing VM operation: HandshakeAllThreads
Event: 3.540 Executing VM operation: HandshakeAllThreads done
Event: 3.543 Executing VM operation: HandshakeAllThreads
Event: 3.543 Executing VM operation: HandshakeAllThreads done
Event: 3.601 Executing VM operation: HandshakeAllThreads
Event: 3.601 Executing VM operation: HandshakeAllThreads done
Event: 3.759 Executing VM operation: ICBufferFull
Event: 3.759 Executing VM operation: ICBufferFull done
Event: 3.788 Executing VM operation: G1CollectForAllocation
Event: 3.792 Executing VM operation: G1CollectForAllocation done
Event: 3.797 Executing VM operation: HandshakeAllThreads
Event: 3.797 Executing VM operation: HandshakeAllThreads done
Event: 3.798 Executing VM operation: HandshakeAllThreads
Event: 3.798 Executing VM operation: HandshakeAllThreads done

Events (20 events):
Event: 3.602 loading class jdk/internal/jimage/ImageReader$Resource done
Event: 3.672 loading class java/util/WeakHashMap$KeyIterator
Event: 3.672 loading class java/util/WeakHashMap$HashIterator
Event: 3.672 loading class java/util/WeakHashMap$HashIterator done
Event: 3.672 loading class java/util/WeakHashMap$KeyIterator done
Event: 3.697 loading class sun/nio/fs/WindowsPath$1
Event: 3.697 loading class sun/nio/fs/WindowsPath$1 done
Event: 3.698 loading class sun/nio/fs/WindowsException
Event: 3.698 loading class sun/nio/fs/WindowsException done
Event: 3.709 loading class java/io/StringReader
Event: 3.710 loading class java/io/StringReader done
Event: 3.715 loading class java/math/MutableBigInteger
Event: 3.716 loading class java/math/MutableBigInteger done
Event: 3.727 loading class java/lang/ProcessBuilder
Event: 3.728 loading class java/lang/ProcessBuilder done
Event: 3.737 loading class java/util/Collections$2
Event: 3.737 loading class java/util/Collections$2 done
Event: 3.777 Thread 0x0000022c774f0ce0 Thread added: 0x0000022c774f0ce0
Event: 3.806 loading class java/nio/charset/CharacterCodingException
Event: 3.806 loading class java/nio/charset/CharacterCodingException done


Dynamic libraries:
0x00007ff71ae00000 - 0x00007ff71ae10000 	C:\Program Files\Java\jdk-17\bin\java.exe
0x00007fffbaab0000 - 0x00007fffbacc7000 	C:\WINDOWS\SYSTEM32\ntdll.dll
0x00007fffb97e0000 - 0x00007fffb98a4000 	C:\WINDOWS\System32\KERNEL32.DLL
0x00007fffb80f0000 - 0x00007fffb849d000 	C:\WINDOWS\System32\KERNELBASE.dll
0x00007fffb7e80000 - 0x00007fffb7f91000 	C:\WINDOWS\System32\ucrtbase.dll
0x00007fff7ce10000 - 0x00007fff7ce29000 	C:\Program Files\Java\jdk-17\bin\jli.dll
0x00007fff7b420000 - 0x00007fff7b43b000 	C:\Program Files\Java\jdk-17\bin\VCRUNTIME140.dll
0x00007fffb8810000 - 0x00007fffb88c2000 	C:\WINDOWS\System32\ADVAPI32.dll
0x00007fffb88f0000 - 0x00007fffb8997000 	C:\WINDOWS\System32\msvcrt.dll
0x00007fffba470000 - 0x00007fffba519000 	C:\WINDOWS\System32\sechost.dll
0x00007fffb7e50000 - 0x00007fffb7e78000 	C:\WINDOWS\System32\bcrypt.dll
0x00007fffb96c0000 - 0x00007fffb97d4000 	C:\WINDOWS\System32\RPCRT4.dll
0x00007fffb93b0000 - 0x00007fffb955e000 	C:\WINDOWS\System32\USER32.dll
0x00007fffb8040000 - 0x00007fffb8066000 	C:\WINDOWS\System32\win32u.dll
0x00007fffa2970000 - 0x00007fffa2c03000 	C:\WINDOWS\WinSxS\amd64_microsoft.windows.common-controls_6595b64144ccf1df_6.0.22621.3672_none_2713b9d173822955\COMCTL32.dll
0x00007fffb8c10000 - 0x00007fffb8c39000 	C:\WINDOWS\System32\GDI32.dll
0x00007fffb8560000 - 0x00007fffb8679000 	C:\WINDOWS\System32\gdi32full.dll
0x00007fffb7fa0000 - 0x00007fffb803a000 	C:\WINDOWS\System32\msvcp_win.dll
0x00007fffaf700000 - 0x00007fffaf70a000 	C:\WINDOWS\SYSTEM32\VERSION.dll
0x00007fffb8bd0000 - 0x00007fffb8c01000 	C:\WINDOWS\System32\IMM32.DLL
0x00007fffaf5a0000 - 0x00007fffaf5ac000 	C:\Program Files\Java\jdk-17\bin\vcruntime140_1.dll
0x00007fff7a470000 - 0x00007fff7a4fe000 	C:\Program Files\Java\jdk-17\bin\msvcp140.dll
0x00007fff69b90000 - 0x00007fff6a76f000 	C:\Program Files\Java\jdk-17\bin\server\jvm.dll
0x00007fffb87f0000 - 0x00007fffb87f8000 	C:\WINDOWS\System32\PSAPI.DLL
0x00007fffa3c40000 - 0x00007fffa3c49000 	C:\WINDOWS\SYSTEM32\WSOCK32.dll
0x00007fffaf820000 - 0x00007fffaf854000 	C:\WINDOWS\SYSTEM32\WINMM.dll
0x00007fffb8c40000 - 0x00007fffb8cb1000 	C:\WINDOWS\System32\WS2_32.dll
0x00007fffb6f00000 - 0x00007fffb6f18000 	C:\WINDOWS\SYSTEM32\kernel.appcore.dll
0x00007fffa38e0000 - 0x00007fffa38ea000 	C:\Program Files\Java\jdk-17\bin\jimage.dll
0x00007fffb5270000 - 0x00007fffb54a2000 	C:\WINDOWS\SYSTEM32\DBGHELP.DLL
0x00007fffba5e0000 - 0x00007fffba968000 	C:\WINDOWS\System32\combase.dll
0x00007fffba2c0000 - 0x00007fffba397000 	C:\WINDOWS\System32\OLEAUT32.dll
0x00007fff9ca40000 - 0x00007fff9ca72000 	C:\WINDOWS\SYSTEM32\dbgcore.DLL
0x00007fffb8070000 - 0x00007fffb80eb000 	C:\WINDOWS\System32\bcryptPrimitives.dll
0x00007fffa3a60000 - 0x00007fffa3a6e000 	C:\Program Files\Java\jdk-17\bin\instrument.dll
0x00007fff7b240000 - 0x00007fff7b265000 	C:\Program Files\Java\jdk-17\bin\java.dll
0x00007fff6f790000 - 0x00007fff6f867000 	C:\Program Files\Java\jdk-17\bin\jsvml.dll
0x00007fffb9a40000 - 0x00007fffba29f000 	C:\WINDOWS\System32\SHELL32.dll
0x00007fffb5d40000 - 0x00007fffb663c000 	C:\WINDOWS\SYSTEM32\windows.storage.dll
0x00007fffb5c00000 - 0x00007fffb5d3f000 	C:\WINDOWS\SYSTEM32\wintypes.dll
0x00007fffb9940000 - 0x00007fffb9a34000 	C:\WINDOWS\System32\SHCORE.dll
0x00007fffb8ed0000 - 0x00007fffb8f2e000 	C:\WINDOWS\System32\shlwapi.dll
0x00007fffb7d10000 - 0x00007fffb7d31000 	C:\WINDOWS\SYSTEM32\profapi.dll
0x00007fff79b20000 - 0x00007fff79b38000 	C:\Program Files\Java\jdk-17\bin\zip.dll
0x00007fff7a450000 - 0x00007fff7a469000 	C:\Program Files\Java\jdk-17\bin\net.dll
0x00007fffb0ba0000 - 0x00007fffb0cd6000 	C:\WINDOWS\SYSTEM32\WINHTTP.dll
0x00007fffb7370000 - 0x00007fffb73d9000 	C:\WINDOWS\system32\mswsock.dll
0x00007fff7a430000 - 0x00007fff7a446000 	C:\Program Files\Java\jdk-17\bin\nio.dll
0x00007fffaf5e0000 - 0x00007fffaf5f0000 	C:\Program Files\Java\jdk-17\bin\verify.dll
0x00007fffaca50000 - 0x00007fffaca77000 	C:\Users\MJAZ\.gradle\native\c067742578af261105cb4f569cf0c3c89f3d7b1fecec35dd04571415982c5e48\windows-amd64\native-platform.dll
0x00007fff6e170000 - 0x00007fff6e2b4000 	C:\Users\MJAZ\.gradle\native\38dada09dfb8b06ba9b0570ebf7e218e3eb74d4ef43ca46872605cf95ebc2f47\windows-amd64\native-platform-file-events.dll
0x00007fffa3180000 - 0x00007fffa318a000 	C:\Program Files\Java\jdk-17\bin\management.dll
0x00007fffa2fc0000 - 0x00007fffa2fcb000 	C:\Program Files\Java\jdk-17\bin\management_ext.dll
0x00007fffb75d0000 - 0x00007fffb75eb000 	C:\WINDOWS\SYSTEM32\CRYPTSP.dll
0x00007fffb6e60000 - 0x00007fffb6e95000 	C:\WINDOWS\system32\rsaenh.dll
0x00007fffb7470000 - 0x00007fffb7498000 	C:\WINDOWS\SYSTEM32\USERENV.dll
0x00007fffb75f0000 - 0x00007fffb75fc000 	C:\WINDOWS\SYSTEM32\CRYPTBASE.dll
0x00007fffb6910000 - 0x00007fffb693d000 	C:\WINDOWS\SYSTEM32\IPHLPAPI.DLL
0x00007fffb8800000 - 0x00007fffb8809000 	C:\WINDOWS\System32\NSI.dll
0x00007fffb0ad0000 - 0x00007fffb0ae9000 	C:\WINDOWS\SYSTEM32\dhcpcsvc6.DLL
0x00007fffb0ab0000 - 0x00007fffb0acf000 	C:\WINDOWS\SYSTEM32\dhcpcsvc.DLL
0x00007fffb6940000 - 0x00007fffb6a38000 	C:\WINDOWS\SYSTEM32\DNSAPI.dll
0x00007fffa2e60000 - 0x00007fffa2e6e000 	C:\Program Files\Java\jdk-17\bin\sunmscapi.dll
0x00007fffb8680000 - 0x00007fffb87e7000 	C:\WINDOWS\System32\CRYPT32.dll
0x00007fffb7770000 - 0x00007fffb779e000 	C:\WINDOWS\SYSTEM32\ncrypt.dll
0x00007fffb7730000 - 0x00007fffb7767000 	C:\WINDOWS\SYSTEM32\NTASN1.dll
0x00007fff57190000 - 0x00007fff57198000 	C:\WINDOWS\system32\wshunix.dll

dbghelp: loaded successfully - version: 4.0.5 - missing functions: none
symbol engine: initialized successfully - sym options: 0x614 - pdb path: .;C:\Program Files\Java\jdk-17\bin;C:\WINDOWS\SYSTEM32;C:\WINDOWS\WinSxS\amd64_microsoft.windows.common-controls_6595b64144ccf1df_6.0.22621.3672_none_2713b9d173822955;C:\Program Files\Java\jdk-17\bin\server;C:\Users\MJAZ\.gradle\native\c067742578af261105cb4f569cf0c3c89f3d7b1fecec35dd04571415982c5e48\windows-amd64;C:\Users\MJAZ\.gradle\native\38dada09dfb8b06ba9b0570ebf7e218e3eb74d4ef43ca46872605cf95ebc2f47\windows-amd64

VM Arguments:
jvm_args: -XX:MaxMetaspaceSize=512m --add-opens=java.base/java.util=ALL-UNNAMED --add-opens=java.base/java.lang=ALL-UNNAMED --add-opens=java.base/java.lang.invoke=ALL-UNNAMED --add-opens=java.prefs/java.util.prefs=ALL-UNNAMED --add-opens=java.base/java.nio.charset=ALL-UNNAMED --add-opens=java.base/java.net=ALL-UNNAMED --add-opens=java.base/java.util.concurrent.atomic=ALL-UNNAMED -Xmx2048m -Dfile.encoding=windows-1252 -Duser.country=ID -Duser.language=en -Duser.variant -javaagent:C:\Users\MJAZ\.gradle\wrapper\dists\gradle-8.6-all\3mbtmo166bl6vumsh5k2lkq5h\gradle-8.6\lib\agents\gradle-instrumentation-agent-8.6.jar 
java_command: org.gradle.launcher.daemon.bootstrap.GradleDaemon 8.6
java_class_path (initial): C:\Users\MJAZ\.gradle\wrapper\dists\gradle-8.6-all\3mbtmo166bl6vumsh5k2lkq5h\gradle-8.6\lib\gradle-launcher-8.6.jar
Launcher Type: SUN_STANDARD

[Global flags]
     intx CICompilerCount                          = 4                                         {product} {ergonomic}
   size_t CompressedClassSpaceSize                 = 436207616                                 {product} {ergonomic}
     uint ConcGCThreads                            = 2                                         {product} {ergonomic}
     uint G1ConcRefinementThreads                  = 8                                         {product} {ergonomic}
   size_t G1HeapRegionSize                         = 1048576                                   {product} {ergonomic}
    uintx GCDrainStackTargetSize                   = 64                                        {product} {ergonomic}
   size_t InitialHeapSize                          = 266338304                                 {product} {ergonomic}
   size_t MarkStackSize                            = 4194304                                   {product} {ergonomic}
   size_t MaxHeapSize                              = 2147483648                                {product} {command line}
   size_t MaxMetaspaceSize                         = 536870912                                 {product} {command line}
   size_t MaxNewSize                               = 1287651328                                {product} {ergonomic}
   size_t MinHeapDeltaBytes                        = 1048576                                   {product} {ergonomic}
   size_t MinHeapSize                              = 8388608                                   {product} {ergonomic}
    uintx NonNMethodCodeHeapSize                   = 5839372                                {pd product} {ergonomic}
    uintx NonProfiledCodeHeapSize                  = 122909434                              {pd product} {ergonomic}
    uintx ProfiledCodeHeapSize                     = 122909434                              {pd product} {ergonomic}
    uintx ReservedCodeCacheSize                    = 251658240                              {pd product} {ergonomic}
     bool SegmentedCodeCache                       = true                                      {product} {ergonomic}
   size_t SoftMaxHeapSize                          = 2147483648                             {manageable} {ergonomic}
     bool UseCompressedClassPointers               = true                           {product lp64_product} {ergonomic}
     bool UseCompressedOops                        = true                           {product lp64_product} {ergonomic}
     bool UseG1GC                                  = true                                      {product} {ergonomic}
     bool UseLargePagesIndividualAllocation        = false                                  {pd product} {ergonomic}

Logging:
Log output configuration:
 #0: stdout all=warning uptime,level,tags
 #1: stderr all=off uptime,level,tags

Environment Variables:
JAVA_HOME=C:\Program Files\Java\jdk-17
CLASSPATH=C:\Users\MJAZ\Downloads\NFCDir\RFIDGunProj\android\\gradle\wrapper\gradle-wrapper.jar
PATH=C:\Python312\Scripts\;C:\Python312\;C:\Program Files\Common Files\Oracle\Java\javapath;C:\Program Files (x86)\Common Files\Intel\Shared Libraries\redist\intel64\compiler;C:\WINDOWS\system32;C:\WINDOWS;C:\WINDOWS\System32\Wbem;C:\WINDOWS\System32\WindowsPowerShell\v1.0\;C:\WINDOWS\System32\OpenSSH\;C:\Program Files (x86)\dotnet\;C:\Program Files\dotnet\;C:\Program Files\Azure Data Studio\bin;C:\Program Files\Microsoft VS Code\bin;C:\Program Files\Microsoft SQL Server\Client SDK\ODBC\130\Tools\Binn\;C:\ProgramData\chocolatey\bin;C:\Program Files\nodejs\;C:\Program Files\Git\cmd;C:\xampp\php;C:\ProgramData\ComposerSetup\bin;C:\Program Files (x86)\cloudflared\;C:\Program Files\MySQL\MySQL Server 8.0\bin;C:\Users\MJAZ\AppData\Local\Android\Sdk\tools;C:\Program Files\Java\jdk-17\bin;C:\Program Files (x86)\Inno Setup 6;C:\Users\MJAZ\AppData\Local\Android\Sdk\platform-tools;C:\Users\MJAZ\AppData\Local\Programs\Python\Python311\Scripts\;C:\Users\MJAZ\AppData\Local\Programs\Python\Python311\;C:\Users\MJAZ\AppData\Local\Microsoft\WindowsApps;C:\Program Files\Azure Data Studio\bin;C:\msys64\mingw64\bin;C:\Users\MJAZ\AppData\Roaming\npm;C:\Users\MJAZ\AppData\Local\GitHubDesktop\bin;C:\Users\MJAZ\AppData\Roaming\Composer\vendor\bin;C:\Program Files\MySQL\MySQL Server 8.0\bin;
USERNAME=MJAZ
LANG=en_US.UTF-8
OS=Windows_NT
PROCESSOR_IDENTIFIER=Intel64 Family 6 Model 142 Stepping 12, GenuineIntel



---------------  S Y S T E M  ---------------

OS:
 Windows 11 , 64 bit Build 22621 (10.0.22621.3672)
OS uptime: 0 days 4:39 hours

CPU: total 8 (initial active 8) (4 cores per cpu, 2 threads per core) family 6 model 142 stepping 12 microcode 0xf8, cx8, cmov, fxsr, ht, mmx, 3dnowpref, sse, sse2, sse3, ssse3, sse4.1, sse4.2, popcnt, lzcnt, tsc, tscinvbit, avx, avx2, aes, erms, clmul, bmi1, bmi2, adx, fma, vzeroupper, clflush, clflushopt

Memory: 4k page, system-wide physical 16135M (6679M free)
TotalPageFile size 17175M (AvailPageFile size 3438M)
current process WorkingSet (physical memory assigned to process): 241M, peak: 282M
current process commit charge ("private bytes"): 287M, peak: 454M

vm_info: Java HotSpot(TM) 64-Bit Server VM (17.0.10+11-LTS-240) for windows-amd64 JRE (17.0.10+11-LTS-240), built on Dec 19 2023 21:47:25 by "mach5one" with MS VC++ 17.1 (VS2022)

END.
