#
# A fatal error has been detected by the Java Runtime Environment:
#
#  EXCEPTION_ACCESS_VIOLATION (0xc0000005) at pc=0x00007ff9c82238a6, pid=3324, tid=6972
#
# JRE version: OpenJDK Runtime Environment (17.0.10) (build 17.0.10+0--11572160)
# Java VM: OpenJDK 64-Bit Server VM (17.0.10+0--11572160, mixed mode, tiered, compressed oops, compressed class ptrs, g1 gc, windows-amd64)
# Problematic frame:
# V  [jvm.dll+0x2b38a6]
#
# No core dump will be written. Minidumps are not enabled by default on client versions of Windows
#
# If you would like to submit a bug report, please visit:
#   https://bugreport.java.com/bugreport/crash.jsp
#

---------------  S U M M A R Y ------------

Command Line: -XX:MaxMetaspaceSize=512m --add-opens=java.base/java.util=ALL-UNNAMED --add-opens=java.base/java.lang=ALL-UNNAMED --add-opens=java.base/java.lang.invoke=ALL-UNNAMED --add-opens=java.prefs/java.util.prefs=ALL-UNNAMED --add-opens=java.base/java.nio.charset=ALL-UNNAMED --add-opens=java.base/java.net=ALL-UNNAMED --add-opens=java.base/java.util.concurrent.atomic=ALL-UNNAMED -Xmx2048m -Dfile.encoding=windows-1252 -Duser.country=ID -Duser.language=en -Duser.variant -javaagent:C:\Users\MJAZ\.gradle\wrapper\dists\gradle-8.6-all\3mbtmo166bl6vumsh5k2lkq5h\gradle-8.6\lib\agents\gradle-instrumentation-agent-8.6.jar org.gradle.launcher.daemon.bootstrap.GradleDaemon 8.6

Host: Intel(R) Core(TM) i7-10510U CPU @ 1.80GHz, 8 cores, 15G,  Windows 11 , 64 bit Build 22621 (10.0.22621.3672)
Time: Wed Jul 24 09:25:06 2024 SE Asia Standard Time elapsed time: 30.241534 seconds (0d 0h 0m 30s)

---------------  T H R E A D  ---------------

Current thread (0x000001ed9b1915c0):  JavaThread "C2 CompilerThread0" daemon [_thread_in_native, id=6972, stack(0x00000009ad200000,0x00000009ad300000)]


Current CompileTask:
C2:  30241 7628 %     4       org.gradle.internal.instantiation.generator.AbstractClassGenerator::inspectType @ 77 (560 bytes)

Stack: [0x00000009ad200000,0x00000009ad300000],  sp=0x00000009ad2fa310,  free space=1000k
Native frames: (J=compiled Java code, j=interpreted, Vv=VM code, C=native code)
V  [jvm.dll+0x2b38a6]
V  [jvm.dll+0x5902b7]
V  [jvm.dll+0x226452]
V  [jvm.dll+0x22683f]
V  [jvm.dll+0x21f966]
V  [jvm.dll+0x21cdb1]
V  [jvm.dll+0x1a60ad]
V  [jvm.dll+0x22cd78]
V  [jvm.dll+0x22aeb0]
V  [jvm.dll+0x7f6917]
V  [jvm.dll+0x7f0d1a]
V  [jvm.dll+0x687d05]
C  [ucrtbase.dll+0x29333]
C  [KERNEL32.DLL+0x1257d]
C  [ntdll.dll+0x5af28]


siginfo: EXCEPTION_ACCESS_VIOLATION (0xc0000005), reading address 0x0000000000000030


Registers:
RAX=0x00000000000002e6, RBX=0x0000000000000000, RCX=0x000001eda2f85830, RDX=0x000001eda2f85860
RSP=0x00000009ad2fa310, RBP=0x000001eda2f77050, RSI=0x00000009ad2fa750, RDI=0x0000000000000002
R8 =0x0000000000000000, R9 =0x00000000000009a8, R10=0x0000000000000c8e, R11=0x000001eda2f770a0
R12=0x000001eda015f4b0, R13=0x0000000000000000, R14=0x000001eda03bd820, R15=0x000001ed9b1818f0
RIP=0x00007ff9c82238a6, EFLAGS=0x0000000000010283


Register to memory mapping:

RIP=0x00007ff9c82238a6 jvm.dll
RAX=0x00000000000002e6 is an unknown value
RBX=0x0 is NULL
RCX=0x000001eda2f85830 points into unknown readable memory: 0x000001eda2c57b18 | 18 7b c5 a2 ed 01 00 00
RDX=0x000001eda2f85860 points into unknown readable memory: 0x0000000000000000 | 00 00 00 00 00 00 00 00
RSP=0x00000009ad2fa310 is pointing into the stack for thread: 0x000001ed9b1915c0
RBP=0x000001eda2f77050 points into unknown readable memory: 0x0000000000000000 | 00 00 00 00 00 00 00 00
RSI=0x00000009ad2fa750 is pointing into the stack for thread: 0x000001ed9b1915c0
RDI=0x0000000000000002 is an unknown value
R8 =0x0 is NULL
R9 =0x00000000000009a8 is an unknown value
R10=0x0000000000000c8e is an unknown value
R11=0x000001eda2f770a0 points into unknown readable memory: 0x000001eda08abcf0 | f0 bc 8a a0 ed 01 00 00
R12=0x000001eda015f4b0 points into unknown readable memory: 0x000001eda2f77040 | 40 70 f7 a2 ed 01 00 00
R13=0x0 is NULL
R14=0x000001eda03bd820 points into unknown readable memory: 0xffffffff00000001 | 01 00 00 00 ff ff ff ff
R15=0x000001ed9b1818f0 points into unknown readable memory: 0x8e000a6e00000006 | 06 00 00 00 6e 0a 00 8e


Top of Stack: (sp=0x00000009ad2fa310)
0x00000009ad2fa310:   000001eda2f77050 00000009ad2fa360
0x00000009ad2fa320:   00000009ad2fa750 000001eda03bd820
0x00000009ad2fa330:   000001eda03bd820 000001ed9b1818f0
0x00000009ad2fa340:   000001eda015f4b0 000000000020f970
0x00000009ad2fa350:   000001eda016ef50 000001eda016ef50
0x00000009ad2fa360:   0000000900000200 000001eda27f1840
0x00000009ad2fa370:   0000000000000200 000001ed9b1818f0
0x00000009ad2fa380:   0000000011fe9618 0000000000000000
0x00000009ad2fa390:   0000000000000000 0000000000170b00
0x00000009ad2fa3a0:   000001edff195580 0000000000000000
0x00000009ad2fa3b0:   000001ed9afae110 00000009ad2fa4d0
0x00000009ad2fa3c0:   00000009ad2fa750 00007ff9c85002b7
0x00000009ad2fa3d0:   00000009ad2fa750 0000000900000c8e
0x00000009ad2fa3e0:   000001eda2f77050 0000000000000000
0x00000009ad2fa3f0:   000001edfef70000 000001edfef70000
0x00000009ad2fa400:   000000000000142f 000001eda547e700
0x00000009ad2fa410:   0000000000020010 0000000000000000
0x00000009ad2fa420:   0000000000000002 000001eda2ee8c60
0x00000009ad2fa430:   0000000000000002 000001ed9b1818f0
0x00000009ad2fa440:   000001edfef70000 00007ffa30f4d239
0x00000009ad2fa450:   000001edfef70000 00007ff900000002
0x00000009ad2fa460:   0000000000020010 0000000000020020
0x00000009ad2fa470:   0000000000000000 00000009ad2fa480
0x00000009ad2fa480:   000001ed00000003 00007ff9c8773bfa
0x00000009ad2fa490:   000001eda4f46818 000001eda547e7a0
0x00000009ad2fa4a0:   000001ed9b1ca850 0000000000000000
0x00000009ad2fa4b0:   00000000000003ff 00007ff9c877379b
0x00000009ad2fa4c0:   0000000000000000 00007ff9c877379b
0x00000009ad2fa4d0:   000001eda48b3330 000001eda263a090
0x00000009ad2fa4e0:   0000000000000109 00000009ad2fb820
0x00000009ad2fa4f0:   000001eda4f47038 00007ff92b012208
0x00000009ad2fa500:   000001eda1de3e20 000001eda263a090 

Instructions: (pc=0x00007ff9c82238a6)
0x00007ff9c82237a6:   09 00 00 49 8b d7 e8 5f 06 df ff 8b d5 49 8b cf
0x00007ff9c82237b6:   e8 e5 1c 3b 00 49 8b 7f 10 41 8b 47 20 4c 8d 34
0x00007ff9c82237c6:   c7 49 3b fe 73 61 4c 8b ac 24 c0 00 00 00 0f 1f
0x00007ff9c82237d6:   40 00 0f 1f 84 00 00 00 00 00 48 8b 37 8b 46 2c
0x00007ff9c82237e6:   83 e0 0f 3c 0c 75 2f 49 8b 9d 88 09 00 00 48 8b
0x00007ff9c82237f6:   d6 48 8d 8b 88 09 00 00 e8 2d aa 3f 00 48 8d 8b
0x00007ff9c8223806:   e0 09 00 00 48 8b d6 e8 fe 05 df ff 8b d5 48 8b
0x00007ff9c8223816:   ce e8 84 1c 3b 00 48 83 c7 08 49 3b fe 72 bb 48
0x00007ff9c8223826:   8b b4 24 c0 00 00 00 ff cd ff c5 41 3b 6f 18 0f
0x00007ff9c8223836:   82 05 ff ff ff 4c 8b 74 24 20 45 33 ed 48 8b ac
0x00007ff9c8223846:   24 d0 00 00 00 49 83 ec 50 48 83 ac 24 d8 00 00
0x00007ff9c8223856:   00 01 0f 85 a2 fc ff ff 8b 84 24 c8 00 00 00 4c
0x00007ff9c8223866:   8b 7c 24 28 4c 8b 64 24 30 4c 63 d0 49 83 fa 02
0x00007ff9c8223876:   7e 47 48 8d 95 d0 00 00 00 4d 8d 4a fe 0f 1f 40
0x00007ff9c8223886:   00 66 0f 1f 84 00 00 00 00 00 8b 42 d8 4c 8b 02
0x00007ff9c8223896:   48 8d 0c 80 48 c1 e1 04 48 03 cd 4c 3b c1 74 07
0x00007ff9c82238a6:   49 8b 40 30 48 89 02 4c 89 6a 10 4c 89 6a 18 48
0x00007ff9c82238b6:   83 c2 50 49 83 e9 01 75 d1 48 8b 46 10 48 8b 88
0x00007ff9c82238c6:   d0 02 00 00 8b 41 28 41 8b 0c 86 48 8d 3c 89 48
0x00007ff9c82238d6:   c1 e7 04 48 03 fd 4c 89 6f 30 4c 89 6f 10 4c 89
0x00007ff9c82238e6:   6f 40 4c 89 6f 48 49 83 fa 01 7e 5c 4c 8d 45 50
0x00007ff9c82238f6:   49 ff ca 0f 1f 80 00 00 00 00 4d 8b 48 30 4d 85
0x00007ff9c8223906:   c9 74 22 49 8b 00 48 8b 8e f8 09 00 00 8b 50 28
0x00007ff9c8223916:   49 8b 01 48 89 04 d1 49 8b 41 40 49 89 40 48 4d
0x00007ff9c8223926:   89 41 40 eb 19 48 8b 46 10 48 8b 88 d0 02 00 00
0x00007ff9c8223936:   48 8b 86 f8 09 00 00 8b 51 28 4c 89 2c d0 49 83
0x00007ff9c8223946:   c0 50 49 83 ea 01 75 b2 48 8b 46 10 33 d2 48 8b
0x00007ff9c8223956:   9e 00 0a 00 00 8b 88 40 02 00 00 ff c1 48 c1 e1
0x00007ff9c8223966:   03 e8 a4 c8 42 00 4c 8b c8 48 89 38 4c 8d 40 08
0x00007ff9c8223976:   66 66 0f 1f 84 00 00 00 00 00 41 ff c5 4d 8b d0
0x00007ff9c8223986:   66 66 0f 1f 84 00 00 00 00 00 49 8b 09 49 83 c1
0x00007ff9c8223996:   08 66 0f 1f 84 00 00 00 00 00 48 8b 01 8b 50 28 


Stack slot to memory mapping:
stack at sp + 0 slots: 0x000001eda2f77050 points into unknown readable memory: 0x0000000000000000 | 00 00 00 00 00 00 00 00
stack at sp + 1 slots: 0x00000009ad2fa360 is pointing into the stack for thread: 0x000001ed9b1915c0
stack at sp + 2 slots: 0x00000009ad2fa750 is pointing into the stack for thread: 0x000001ed9b1915c0
stack at sp + 3 slots: 0x000001eda03bd820 points into unknown readable memory: 0xffffffff00000001 | 01 00 00 00 ff ff ff ff
stack at sp + 4 slots: 0x000001eda03bd820 points into unknown readable memory: 0xffffffff00000001 | 01 00 00 00 ff ff ff ff
stack at sp + 5 slots: 0x000001ed9b1818f0 points into unknown readable memory: 0x8e000a6e00000006 | 06 00 00 00 6e 0a 00 8e
stack at sp + 6 slots: 0x000001eda015f4b0 points into unknown readable memory: 0x000001eda2f77040 | 40 70 f7 a2 ed 01 00 00
stack at sp + 7 slots: 0x000000000020f970 is an unknown value


---------------  P R O C E S S  ---------------

Threads class SMR info:
_java_thread_list=0x000001eda40c5250, length=67, elements={
0x000001edff17d350, 0x000001ed9b13d8b0, 0x000001ed9b13e730, 0x000001ed9b18b9b0,
0x000001ed9b18d390, 0x000001ed9b18fe60, 0x000001ed9b190820, 0x000001ed9b1915c0,
0x000001ed9b192070, 0x000001ed9b1937b0, 0x000001ed9af93040, 0x000001ed9b426860,
0x000001eda239aa80, 0x000001eda0fbc4c0, 0x000001eda0e97e40, 0x000001eda1648280,
0x000001eda0db0800, 0x000001eda18c27f0, 0x000001eda0a6ebd0, 0x000001eda0bd0bb0,
0x000001eda1fba080, 0x000001eda1fba590, 0x000001eda1fbc3f0, 0x000001eda1fbaaa0,
0x000001eda1fbc900, 0x000001eda1fbafb0, 0x000001eda1fbb4c0, 0x000001eda1fbb9d0,
0x000001eda1fbd320, 0x000001eda1fbce10, 0x000001eda1fbd830, 0x000001eda0964910,
0x000001eda0965d50, 0x000001eda09676a0, 0x000001eda0966260, 0x000001eda0965330,
0x000001eda0966c80, 0x000001eda0964e20, 0x000001eda0969f20, 0x000001eda0966770,
0x000001eda0962fc0, 0x000001eda0962ab0, 0x000001eda0967190, 0x000001eda09639e0,
0x000001eda0967bb0, 0x000001eda09680c0, 0x000001eda09685d0, 0x000001eda0964400,
0x000001eda0968ae0, 0x000001eda0969500, 0x000001eda0969a10, 0x000001eda096a430,
0x000001eda09634d0, 0x000001eda3cc4da0, 0x000001eda3cc2010, 0x000001eda3cc7620,
0x000001eda3cc61e0, 0x000001eda3cc2a30, 0x000001eda3cc10e0, 0x000001eda3cc1b00,
0x000001eda3cc7b30, 0x000001eda3cc8040, 0x000001eda3cc2520, 0x000001eda3cc4890,
0x000001eda41b7020, 0x000001eda41b9550, 0x000001eda3cc8550
}

Java Threads: ( => current thread )
  0x000001edff17d350 JavaThread "main" [_thread_blocked, id=12240, stack(0x00000009ac500000,0x00000009ac600000)]
  0x000001ed9b13d8b0 JavaThread "Reference Handler" daemon [_thread_blocked, id=12608, stack(0x00000009acc00000,0x00000009acd00000)]
  0x000001ed9b13e730 JavaThread "Finalizer" daemon [_thread_blocked, id=1132, stack(0x00000009acd00000,0x00000009ace00000)]
  0x000001ed9b18b9b0 JavaThread "Signal Dispatcher" daemon [_thread_blocked, id=4640, stack(0x00000009ace00000,0x00000009acf00000)]
  0x000001ed9b18d390 JavaThread "Attach Listener" daemon [_thread_blocked, id=4816, stack(0x00000009acf00000,0x00000009ad000000)]
  0x000001ed9b18fe60 JavaThread "Service Thread" daemon [_thread_blocked, id=3004, stack(0x00000009ad000000,0x00000009ad100000)]
  0x000001ed9b190820 JavaThread "Monitor Deflation Thread" daemon [_thread_blocked, id=968, stack(0x00000009ad100000,0x00000009ad200000)]
=>0x000001ed9b1915c0 JavaThread "C2 CompilerThread0" daemon [_thread_in_native, id=6972, stack(0x00000009ad200000,0x00000009ad300000)]
  0x000001ed9b192070 JavaThread "C1 CompilerThread0" daemon [_thread_in_vm, id=9068, stack(0x00000009ad300000,0x00000009ad400000)]
  0x000001ed9b1937b0 JavaThread "Sweeper thread" daemon [_thread_blocked, id=1208, stack(0x00000009ad400000,0x00000009ad500000)]
  0x000001ed9af93040 JavaThread "Common-Cleaner" daemon [_thread_blocked, id=5980, stack(0x00000009ad500000,0x00000009ad600000)]
  0x000001ed9b426860 JavaThread "Notification Thread" daemon [_thread_blocked, id=10416, stack(0x00000009ad600000,0x00000009ad700000)]
  0x000001eda239aa80 JavaThread "Daemon health stats" [_thread_blocked, id=660, stack(0x00000009adf00000,0x00000009ae000000)]
  0x000001eda0fbc4c0 JavaThread "Incoming local TCP Connector on port 50240" [_thread_in_native, id=2908, stack(0x00000009ad900000,0x00000009ada00000)]
  0x000001eda0e97e40 JavaThread "Daemon periodic checks" [_thread_blocked, id=12992, stack(0x00000009ae000000,0x00000009ae100000)]
  0x000001eda1648280 JavaThread "Daemon" [_thread_blocked, id=8468, stack(0x00000009ae100000,0x00000009ae200000)]
  0x000001eda0db0800 JavaThread "Handler for socket connection from /127.0.0.1:50240 to /127.0.0.1:50241" [_thread_in_native, id=12116, stack(0x00000009ae200000,0x00000009ae300000)]
  0x000001eda18c27f0 JavaThread "Cancel handler" [_thread_blocked, id=6412, stack(0x00000009ae300000,0x00000009ae400000)]
  0x000001eda0a6ebd0 JavaThread "Daemon worker" [_thread_in_Java, id=11924, stack(0x00000009ae400000,0x00000009ae500000)]
  0x000001eda0bd0bb0 JavaThread "Asynchronous log dispatcher for DefaultDaemonConnection: socket connection from /127.0.0.1:50240 to /127.0.0.1:50241" [_thread_blocked, id=5912, stack(0x00000009ae500000,0x00000009ae600000)]
  0x000001eda1fba080 JavaThread "Stdin handler" [_thread_blocked, id=8724, stack(0x00000009ae600000,0x00000009ae700000)]
  0x000001eda1fba590 JavaThread "Daemon client event forwarder" [_thread_blocked, id=8764, stack(0x00000009ae700000,0x00000009ae800000)]
  0x000001eda1fbc3f0 JavaThread "Cache worker for journal cache (C:\Users\MJAZ\.gradle\caches\journal-1)" [_thread_blocked, id=8832, stack(0x00000009aea00000,0x00000009aeb00000)]
  0x000001eda1fbaaa0 JavaThread "File lock request listener" [_thread_in_native, id=7548, stack(0x00000009aeb00000,0x00000009aec00000)]
  0x000001eda1fbc900 JavaThread "Cache worker for file hash cache (C:\Users\MJAZ\.gradle\caches\8.6\fileHashes)" [_thread_blocked, id=1960, stack(0x00000009aed00000,0x00000009aee00000)]
  0x000001eda1fbafb0 JavaThread "File watcher server" daemon [_thread_in_native, id=14260, stack(0x00000009aef00000,0x00000009af000000)]
  0x000001eda1fbb4c0 JavaThread "File watcher consumer" daemon [_thread_blocked, id=12656, stack(0x00000009af000000,0x00000009af100000)]
  0x000001eda1fbb9d0 JavaThread "jar transforms" [_thread_blocked, id=8784, stack(0x00000009af100000,0x00000009af200000)]
  0x000001eda1fbd320 JavaThread "jar transforms Thread 2" [_thread_blocked, id=12468, stack(0x00000009af200000,0x00000009af300000)]
  0x000001eda1fbce10 JavaThread "jar transforms Thread 3" [_thread_blocked, id=9256, stack(0x00000009af300000,0x00000009af400000)]
  0x000001eda1fbd830 JavaThread "jar transforms Thread 4" [_thread_blocked, id=12100, stack(0x00000009af400000,0x00000009af500000)]
  0x000001eda0964910 JavaThread "jar transforms Thread 5" [_thread_blocked, id=12684, stack(0x00000009af500000,0x00000009af600000)]
  0x000001eda0965d50 JavaThread "jar transforms Thread 6" [_thread_blocked, id=14316, stack(0x00000009af600000,0x00000009af700000)]
  0x000001eda09676a0 JavaThread "jar transforms Thread 7" [_thread_blocked, id=14364, stack(0x00000009af700000,0x00000009af800000)]
  0x000001eda0966260 JavaThread "jar transforms Thread 8" [_thread_blocked, id=8804, stack(0x00000009af800000,0x00000009af900000)]
  0x000001eda0965330 JavaThread "Cache worker for checksums cache (C:\Users\MJAZ\Downloads\NFCDir\RFIDGunProj\android\.gradle\8.6\checksums)" [_thread_blocked, id=3536, stack(0x00000009af900000,0x00000009afa00000)]
  0x000001eda0966c80 JavaThread "Cache worker for file hash cache (C:\Users\MJAZ\Downloads\NFCDir\RFIDGunProj\android\.gradle\8.6\fileHashes)" [_thread_blocked, id=3516, stack(0x00000009afa00000,0x00000009afb00000)]
  0x000001eda0964e20 JavaThread "Cache worker for cache directory md-supplier (C:\Users\MJAZ\.gradle\caches\8.6\md-supplier)" [_thread_blocked, id=13544, stack(0x00000009afb00000,0x00000009afc00000)]
  0x000001eda0969f20 JavaThread "Cache worker for cache directory md-rule (C:\Users\MJAZ\.gradle\caches\8.6\md-rule)" [_thread_blocked, id=3700, stack(0x00000009afc00000,0x00000009afd00000)]
  0x000001eda0966770 JavaThread "Cache worker for file content cache (C:\Users\MJAZ\.gradle\caches\8.6\fileContent)" [_thread_blocked, id=3724, stack(0x00000009afe00000,0x00000009aff00000)]
  0x000001eda0962fc0 JavaThread "Unconstrained build operations" [_thread_blocked, id=12344, stack(0x00000009aec00000,0x00000009aed00000)]
  0x000001eda0962ab0 JavaThread "Unconstrained build operations Thread 2" [_thread_blocked, id=2392, stack(0x00000009aee00000,0x00000009aef00000)]
  0x000001eda0967190 JavaThread "Unconstrained build operations Thread 3" [_thread_blocked, id=14372, stack(0x00000009b0000000,0x00000009b0100000)]
  0x000001eda09639e0 JavaThread "Unconstrained build operations Thread 4" [_thread_blocked, id=11468, stack(0x00000009b0100000,0x00000009b0200000)]
  0x000001eda0967bb0 JavaThread "Unconstrained build operations Thread 5" [_thread_blocked, id=8300, stack(0x00000009b0200000,0x00000009b0300000)]
  0x000001eda09680c0 JavaThread "Unconstrained build operations Thread 6" [_thread_blocked, id=12524, stack(0x00000009b0300000,0x00000009b0400000)]
  0x000001eda09685d0 JavaThread "Unconstrained build operations Thread 7" [_thread_blocked, id=4300, stack(0x00000009b0400000,0x00000009b0500000)]
  0x000001eda0964400 JavaThread "Unconstrained build operations Thread 8" [_thread_blocked, id=4380, stack(0x00000009b0500000,0x00000009b0600000)]
  0x000001eda0968ae0 JavaThread "Unconstrained build operations Thread 9" [_thread_blocked, id=4268, stack(0x00000009b0600000,0x00000009b0700000)]
  0x000001eda0969500 JavaThread "Exec process" [_thread_blocked, id=4548, stack(0x00000009b0800000,0x00000009b0900000)]
  0x000001eda0969a10 JavaThread "Exec process Thread 2" [_thread_blocked, id=9436, stack(0x00000009b0900000,0x00000009b0a00000)]
  0x000001eda096a430 JavaThread "Exec process Thread 3" [_thread_blocked, id=7028, stack(0x00000009b0a00000,0x00000009b0b00000)]
  0x000001eda09634d0 JavaThread "Unconstrained build operations Thread 10" [_thread_blocked, id=14572, stack(0x00000009b0b00000,0x00000009b0c00000)]
  0x000001eda3cc4da0 JavaThread "Unconstrained build operations Thread 11" [_thread_blocked, id=15324, stack(0x00000009b0c00000,0x00000009b0d00000)]
  0x000001eda3cc2010 JavaThread "Cache worker for Build Output Cleanup Cache (C:\Users\MJAZ\Downloads\NFCDir\RFIDGunProj\node_modules\@react-native\gradle-plugin\.gradle\buildOutputCleanup)" [_thread_blocked, id=11520, stack(0x00000009b0d00000,0x00000009b0e00000)]
  0x000001eda3cc7620 JavaThread "Unconstrained build operations Thread 12" [_thread_blocked, id=11540, stack(0x00000009b0e00000,0x00000009b0f00000)]
  0x000001eda3cc61e0 JavaThread "Unconstrained build operations Thread 13" [_thread_blocked, id=15180, stack(0x00000009b0f00000,0x00000009b1000000)]
  0x000001eda3cc2a30 JavaThread "Unconstrained build operations Thread 14" [_thread_blocked, id=10484, stack(0x00000009b1000000,0x00000009b1100000)]
  0x000001eda3cc10e0 JavaThread "Unconstrained build operations Thread 15" [_thread_blocked, id=11000, stack(0x00000009b1100000,0x00000009b1200000)]
  0x000001eda3cc1b00 JavaThread "Unconstrained build operations Thread 16" [_thread_blocked, id=14844, stack(0x00000009b1200000,0x00000009b1300000)]
  0x000001eda3cc7b30 JavaThread "Unconstrained build operations Thread 17" [_thread_blocked, id=5428, stack(0x00000009b1300000,0x00000009b1400000)]
  0x000001eda3cc8040 JavaThread "Unconstrained build operations Thread 18" [_thread_blocked, id=8232, stack(0x00000009b1400000,0x00000009b1500000)]
  0x000001eda3cc2520 JavaThread "build event listener" [_thread_blocked, id=6104, stack(0x00000009b1500000,0x00000009b1600000)]
  0x000001eda3cc4890 JavaThread "Memory manager" [_thread_blocked, id=15160, stack(0x00000009aff00000,0x00000009b0000000)]
  0x000001eda41b7020 JavaThread "C2 CompilerThread1" daemon [_thread_in_native, id=11364, stack(0x00000009b0700000,0x00000009b0800000)]
  0x000001eda41b9550 JavaThread "C2 CompilerThread2" daemon [_thread_blocked, id=2868, stack(0x00000009b1600000,0x00000009b1700000)]
  0x000001eda3cc8550 JavaThread "Cache worker for Build Output Cleanup Cache (C:\Users\MJAZ\Downloads\NFCDir\RFIDGunProj\android\.gradle\buildOutputCleanup)" [_thread_blocked, id=8092, stack(0x00000009b1700000,0x00000009b1800000)]

Other Threads:
  0x000001ed9afbed00 VMThread "VM Thread" [stack: 0x00000009acb00000,0x00000009acc00000] [id=12672]
  0x000001edff17e1d0 WatcherThread [stack: 0x00000009ad700000,0x00000009ad800000] [id=2028]
  0x000001edff1d82f0 GCTaskThread "GC Thread#0" [stack: 0x00000009ac600000,0x00000009ac700000] [id=10296]
  0x000001eda0930520 GCTaskThread "GC Thread#1" [stack: 0x00000009ada00000,0x00000009adb00000] [id=8728]
  0x000001ed9bcc8e90 GCTaskThread "GC Thread#2" [stack: 0x00000009adb00000,0x00000009adc00000] [id=2644]
  0x000001ed9bcc9150 GCTaskThread "GC Thread#3" [stack: 0x00000009adc00000,0x00000009add00000] [id=3464]
  0x000001ed9bcc9410 GCTaskThread "GC Thread#4" [stack: 0x00000009add00000,0x00000009ade00000] [id=3868]
  0x000001eda0712670 GCTaskThread "GC Thread#5" [stack: 0x00000009ade00000,0x00000009adf00000] [id=14468]
  0x000001eda19d8d80 GCTaskThread "GC Thread#6" [stack: 0x00000009ad800000,0x00000009ad900000] [id=10280]
  0x000001eda1f9ec70 GCTaskThread "GC Thread#7" [stack: 0x00000009ae800000,0x00000009ae900000] [id=14208]
  0x000001edff1e9240 ConcurrentGCThread "G1 Main Marker" [stack: 0x00000009ac700000,0x00000009ac800000] [id=5252]
  0x000001edff1ea400 ConcurrentGCThread "G1 Conc#0" [stack: 0x00000009ac800000,0x00000009ac900000] [id=12664]
  0x000001eda2214a40 ConcurrentGCThread "G1 Conc#1" [stack: 0x00000009ae900000,0x00000009aea00000] [id=10168]
  0x000001edff22ddf0 ConcurrentGCThread "G1 Refine#0" [stack: 0x00000009ac900000,0x00000009aca00000] [id=1236]
  0x000001eda1f6ba30 ConcurrentGCThread "G1 Refine#1" [stack: 0x00000009afd00000,0x00000009afe00000] [id=3648]
  0x000001edff22e820 ConcurrentGCThread "G1 Service" [stack: 0x00000009aca00000,0x00000009acb00000] [id=1036]

Threads with active compile tasks:
C2 CompilerThread0    30410 7628 %     4       org.gradle.internal.instantiation.generator.AbstractClassGenerator::inspectType @ 77 (560 bytes)
C2 CompilerThread1    30411 7958   !   4       java.util.concurrent.ConcurrentHashMap::computeIfAbsent (576 bytes)

VM state: not at safepoint (normal execution)

VM Mutex/Monitor currently owned by a thread: None

Heap address: 0x0000000080000000, size: 2048 MB, Compressed Oops mode: 32-bit

CDS archive(s) not mapped
Compressed class space mapped at: 0x0000000100000000-0x000000011a000000, reserved size: 436207616
Narrow klass base: 0x0000000000000000, Narrow klass shift: 3, Narrow klass range: 0x11a000000

GC Precious Log:
 CPUs: 8 total, 8 available
 Memory: 16135M
 Large Page Support: Disabled
 NUMA Support: Disabled
 Compressed Oops: Enabled (32-bit)
 Heap Region Size: 1M
 Heap Min Capacity: 8M
 Heap Initial Capacity: 254M
 Heap Max Capacity: 2G
 Pre-touch: Disabled
 Parallel Workers: 8
 Concurrent Workers: 2
 Concurrent Refinement Workers: 8
 Periodic GC: Disabled

Heap:
 garbage-first heap   total 171008K, used 112391K [0x0000000080000000, 0x0000000100000000)
  region size 1024K, 15 young (15360K), 1 survivors (1024K)
 Metaspace       used 77471K, committed 78208K, reserved 557056K
  class space    used 10791K, committed 11136K, reserved 425984K

Heap Regions: E=young(eden), S=young(survivor), O=old, HS=humongous(starts), HC=humongous(continues), CS=collection set, F=free, OA=open archive, CA=closed archive, TAMS=top-at-mark-start (previous, next)
|   0|0x0000000080000000, 0x0000000080100000, 0x0000000080100000|100%|HS|  |TAMS 0x0000000080100000, 0x0000000080000000| Complete 
|   1|0x0000000080100000, 0x0000000080200000, 0x0000000080200000|100%|HC|  |TAMS 0x0000000080200000, 0x0000000080100000| Complete 
|   2|0x0000000080200000, 0x0000000080300000, 0x0000000080300000|100%|HC|  |TAMS 0x0000000080300000, 0x0000000080200000| Complete 
|   3|0x0000000080300000, 0x0000000080400000, 0x0000000080400000|100%|HC|  |TAMS 0x0000000080400000, 0x0000000080300000| Complete 
|   4|0x0000000080400000, 0x0000000080500000, 0x0000000080500000|100%| O|  |TAMS 0x0000000080500000, 0x0000000080400000| Untracked 
|   5|0x0000000080500000, 0x0000000080600000, 0x0000000080600000|100%| O|  |TAMS 0x0000000080600000, 0x0000000080500000| Untracked 
|   6|0x0000000080600000, 0x0000000080700000, 0x0000000080700000|100%| O|  |TAMS 0x0000000080700000, 0x0000000080600000| Untracked 
|   7|0x0000000080700000, 0x0000000080800000, 0x0000000080800000|100%| O|  |TAMS 0x0000000080800000, 0x0000000080700000| Untracked 
|   8|0x0000000080800000, 0x0000000080900000, 0x0000000080900000|100%| O|  |TAMS 0x0000000080900000, 0x0000000080800000| Untracked 
|   9|0x0000000080900000, 0x0000000080a00000, 0x0000000080a00000|100%| O|  |TAMS 0x0000000080a00000, 0x0000000080900000| Untracked 
|  10|0x0000000080a00000, 0x0000000080b00000, 0x0000000080b00000|100%| O|  |TAMS 0x0000000080b00000, 0x0000000080a00000| Untracked 
|  11|0x0000000080b00000, 0x0000000080c00000, 0x0000000080c00000|100%| O|  |TAMS 0x0000000080c00000, 0x0000000080b00000| Untracked 
|  12|0x0000000080c00000, 0x0000000080d00000, 0x0000000080d00000|100%| O|  |TAMS 0x0000000080d00000, 0x0000000080c00000| Untracked 
|  13|0x0000000080d00000, 0x0000000080e00000, 0x0000000080e00000|100%| O|  |TAMS 0x0000000080e00000, 0x0000000080d00000| Untracked 
|  14|0x0000000080e00000, 0x0000000080f00000, 0x0000000080f00000|100%| O|  |TAMS 0x0000000080f00000, 0x0000000080e00000| Untracked 
|  15|0x0000000080f00000, 0x0000000081000000, 0x0000000081000000|100%| O|  |TAMS 0x0000000081000000, 0x0000000080f00000| Untracked 
|  16|0x0000000081000000, 0x0000000081100000, 0x0000000081100000|100%| O|  |TAMS 0x0000000081100000, 0x0000000081000000| Untracked 
|  17|0x0000000081100000, 0x0000000081200000, 0x0000000081200000|100%| O|  |TAMS 0x0000000081200000, 0x0000000081100000| Untracked 
|  18|0x0000000081200000, 0x0000000081300000, 0x0000000081300000|100%| O|  |TAMS 0x0000000081300000, 0x0000000081200000| Untracked 
|  19|0x0000000081300000, 0x0000000081400000, 0x0000000081400000|100%| O|  |TAMS 0x0000000081400000, 0x0000000081300000| Untracked 
|  20|0x0000000081400000, 0x0000000081500000, 0x0000000081500000|100%|HS|  |TAMS 0x0000000081500000, 0x0000000081400000| Complete 
|  21|0x0000000081500000, 0x0000000081600000, 0x0000000081600000|100%|HC|  |TAMS 0x0000000081600000, 0x0000000081500000| Complete 
|  22|0x0000000081600000, 0x0000000081700000, 0x0000000081700000|100%|HS|  |TAMS 0x0000000081700000, 0x0000000081600000| Complete 
|  23|0x0000000081700000, 0x0000000081800000, 0x0000000081800000|100%|HC|  |TAMS 0x0000000081800000, 0x0000000081700000| Complete 
|  24|0x0000000081800000, 0x0000000081900000, 0x0000000081900000|100%|HC|  |TAMS 0x0000000081900000, 0x0000000081800000| Complete 
|  25|0x0000000081900000, 0x0000000081a00000, 0x0000000081a00000|100%|HS|  |TAMS 0x0000000081a00000, 0x0000000081900000| Complete 
|  26|0x0000000081a00000, 0x0000000081b00000, 0x0000000081b00000|100%|HC|  |TAMS 0x0000000081b00000, 0x0000000081a00000| Complete 
|  27|0x0000000081b00000, 0x0000000081c00000, 0x0000000081c00000|100%|HC|  |TAMS 0x0000000081c00000, 0x0000000081b00000| Complete 
|  28|0x0000000081c00000, 0x0000000081d00000, 0x0000000081d00000|100%|HS|  |TAMS 0x0000000081d00000, 0x0000000081c00000| Complete 
|  29|0x0000000081d00000, 0x0000000081e00000, 0x0000000081e00000|100%|HC|  |TAMS 0x0000000081e00000, 0x0000000081d00000| Complete 
|  30|0x0000000081e00000, 0x0000000081f00000, 0x0000000081f00000|100%|HC|  |TAMS 0x0000000081f00000, 0x0000000081e00000| Complete 
|  31|0x0000000081f00000, 0x0000000082000000, 0x0000000082000000|100%| O|  |TAMS 0x0000000082000000, 0x0000000081f00000| Untracked 
|  32|0x0000000082000000, 0x0000000082100000, 0x0000000082100000|100%| O|  |TAMS 0x0000000082100000, 0x0000000082000000| Untracked 
|  33|0x0000000082100000, 0x0000000082200000, 0x0000000082200000|100%| O|  |TAMS 0x0000000082200000, 0x0000000082100000| Untracked 
|  34|0x0000000082200000, 0x0000000082300000, 0x0000000082300000|100%| O|  |TAMS 0x0000000082300000, 0x0000000082200000| Untracked 
|  35|0x0000000082300000, 0x0000000082400000, 0x0000000082400000|100%| O|  |TAMS 0x0000000082400000, 0x0000000082300000| Untracked 
|  36|0x0000000082400000, 0x0000000082500000, 0x0000000082500000|100%| O|  |TAMS 0x0000000082500000, 0x0000000082400000| Untracked 
|  37|0x0000000082500000, 0x0000000082600000, 0x0000000082600000|100%| O|  |TAMS 0x0000000082600000, 0x0000000082500000| Untracked 
|  38|0x0000000082600000, 0x0000000082700000, 0x0000000082700000|100%| O|  |TAMS 0x0000000082700000, 0x0000000082600000| Untracked 
|  39|0x0000000082700000, 0x0000000082800000, 0x0000000082800000|100%| O|  |TAMS 0x0000000082800000, 0x0000000082700000| Untracked 
|  40|0x0000000082800000, 0x0000000082900000, 0x0000000082900000|100%| O|  |TAMS 0x0000000082900000, 0x0000000082800000| Untracked 
|  41|0x0000000082900000, 0x0000000082a00000, 0x0000000082a00000|100%| O|  |TAMS 0x0000000082a00000, 0x0000000082900000| Untracked 
|  42|0x0000000082a00000, 0x0000000082b00000, 0x0000000082b00000|100%| O|  |TAMS 0x0000000082b00000, 0x0000000082a00000| Untracked 
|  43|0x0000000082b00000, 0x0000000082b00000, 0x0000000082c00000|  0%| F|  |TAMS 0x0000000082b00000, 0x0000000082b00000| Untracked 
|  44|0x0000000082c00000, 0x0000000082d00000, 0x0000000082d00000|100%| O|  |TAMS 0x0000000082d00000, 0x0000000082c00000| Untracked 
|  45|0x0000000082d00000, 0x0000000082e00000, 0x0000000082e00000|100%|HS|  |TAMS 0x0000000082e00000, 0x0000000082d00000| Complete 
|  46|0x0000000082e00000, 0x0000000082f00000, 0x0000000082f00000|100%|HC|  |TAMS 0x0000000082f00000, 0x0000000082e00000| Complete 
|  47|0x0000000082f00000, 0x0000000083000000, 0x0000000083000000|100%|HC|  |TAMS 0x0000000083000000, 0x0000000082f00000| Complete 
|  48|0x0000000083000000, 0x0000000083100000, 0x0000000083100000|100%| O|  |TAMS 0x0000000083100000, 0x0000000083000000| Untracked 
|  49|0x0000000083100000, 0x0000000083200000, 0x0000000083200000|100%| O|  |TAMS 0x0000000083200000, 0x0000000083100000| Untracked 
|  50|0x0000000083200000, 0x0000000083300000, 0x0000000083300000|100%| O|  |TAMS 0x0000000083300000, 0x0000000083200000| Untracked 
|  51|0x0000000083300000, 0x0000000083400000, 0x0000000083400000|100%|HS|  |TAMS 0x0000000083400000, 0x0000000083300000| Complete 
|  52|0x0000000083400000, 0x0000000083500000, 0x0000000083500000|100%|HC|  |TAMS 0x0000000083500000, 0x0000000083400000| Complete 
|  53|0x0000000083500000, 0x0000000083600000, 0x0000000083600000|100%|HC|  |TAMS 0x0000000083600000, 0x0000000083500000| Complete 
|  54|0x0000000083600000, 0x0000000083700000, 0x0000000083700000|100%| O|  |TAMS 0x0000000083600000, 0x0000000083600000| Untracked 
|  55|0x0000000083700000, 0x0000000083800000, 0x0000000083800000|100%| O|  |TAMS 0x0000000083800000, 0x0000000083700000| Untracked 
|  56|0x0000000083800000, 0x0000000083900000, 0x0000000083900000|100%|HS|  |TAMS 0x0000000083900000, 0x0000000083800000| Complete 
|  57|0x0000000083900000, 0x0000000083a00000, 0x0000000083a00000|100%|HC|  |TAMS 0x0000000083a00000, 0x0000000083900000| Complete 
|  58|0x0000000083a00000, 0x0000000083b00000, 0x0000000083b00000|100%|HC|  |TAMS 0x0000000083b00000, 0x0000000083a00000| Complete 
|  59|0x0000000083b00000, 0x0000000083c00000, 0x0000000083c00000|100%| O|  |TAMS 0x0000000083c00000, 0x0000000083b00000| Untracked 
|  60|0x0000000083c00000, 0x0000000083d00000, 0x0000000083d00000|100%| O|  |TAMS 0x0000000083d00000, 0x0000000083c00000| Untracked 
|  61|0x0000000083d00000, 0x0000000083e00000, 0x0000000083e00000|100%| O|  |TAMS 0x0000000083e00000, 0x0000000083d00000| Untracked 
|  62|0x0000000083e00000, 0x0000000083f00000, 0x0000000083f00000|100%| O|  |TAMS 0x0000000083f00000, 0x0000000083e00000| Untracked 
|  63|0x0000000083f00000, 0x0000000084000000, 0x0000000084000000|100%| O|  |TAMS 0x0000000084000000, 0x0000000083f00000| Untracked 
|  64|0x0000000084000000, 0x0000000084100000, 0x0000000084100000|100%| O|  |TAMS 0x0000000084100000, 0x0000000084000000| Untracked 
|  65|0x0000000084100000, 0x0000000084200000, 0x0000000084200000|100%| O|  |TAMS 0x0000000084200000, 0x0000000084100000| Untracked 
|  66|0x0000000084200000, 0x0000000084300000, 0x0000000084300000|100%| O|  |TAMS 0x0000000084300000, 0x0000000084200000| Untracked 
|  67|0x0000000084300000, 0x0000000084400000, 0x0000000084400000|100%| O|  |TAMS 0x0000000084400000, 0x0000000084300000| Untracked 
|  68|0x0000000084400000, 0x0000000084500000, 0x0000000084500000|100%| O|  |TAMS 0x0000000084500000, 0x0000000084400000| Untracked 
|  69|0x0000000084500000, 0x0000000084600000, 0x0000000084600000|100%| O|  |TAMS 0x0000000084600000, 0x0000000084500000| Untracked 
|  70|0x0000000084600000, 0x0000000084700000, 0x0000000084700000|100%|HS|  |TAMS 0x0000000084700000, 0x0000000084600000| Complete 
|  71|0x0000000084700000, 0x0000000084800000, 0x0000000084800000|100%|HC|  |TAMS 0x0000000084800000, 0x0000000084700000| Complete 
|  72|0x0000000084800000, 0x0000000084900000, 0x0000000084900000|100%|HS|  |TAMS 0x0000000084900000, 0x0000000084800000| Complete 
|  73|0x0000000084900000, 0x0000000084a00000, 0x0000000084a00000|100%|HC|  |TAMS 0x0000000084a00000, 0x0000000084900000| Complete 
|  74|0x0000000084a00000, 0x0000000084b00000, 0x0000000084b00000|100%| O|  |TAMS 0x0000000084b00000, 0x0000000084a00000| Untracked 
|  75|0x0000000084b00000, 0x0000000084c00000, 0x0000000084c00000|100%| O|  |TAMS 0x0000000084c00000, 0x0000000084b00000| Untracked 
|  76|0x0000000084c00000, 0x0000000084d00000, 0x0000000084d00000|100%| O|  |TAMS 0x0000000084d00000, 0x0000000084c00000| Untracked 
|  77|0x0000000084d00000, 0x0000000084e00000, 0x0000000084e00000|100%|HS|  |TAMS 0x0000000084e00000, 0x0000000084d00000| Complete 
|  78|0x0000000084e00000, 0x0000000084f00000, 0x0000000084f00000|100%|HC|  |TAMS 0x0000000084f00000, 0x0000000084e00000| Complete 
|  79|0x0000000084f00000, 0x0000000085000000, 0x0000000085000000|100%|HC|  |TAMS 0x0000000085000000, 0x0000000084f00000| Complete 
|  80|0x0000000085000000, 0x0000000085100000, 0x0000000085100000|100%|HC|  |TAMS 0x0000000085100000, 0x0000000085000000| Complete 
|  81|0x0000000085100000, 0x0000000085200000, 0x0000000085200000|100%|HS|  |TAMS 0x0000000085200000, 0x0000000085100000| Complete 
|  82|0x0000000085200000, 0x0000000085300000, 0x0000000085300000|100%|HC|  |TAMS 0x0000000085300000, 0x0000000085200000| Complete 
|  83|0x0000000085300000, 0x0000000085400000, 0x0000000085400000|100%|HC|  |TAMS 0x0000000085400000, 0x0000000085300000| Complete 
|  84|0x0000000085400000, 0x0000000085500000, 0x0000000085500000|100%|HC|  |TAMS 0x0000000085500000, 0x0000000085400000| Complete 
|  85|0x0000000085500000, 0x0000000085600000, 0x0000000085600000|100%| O|  |TAMS 0x0000000085600000, 0x0000000085500000| Untracked 
|  86|0x0000000085600000, 0x0000000085700000, 0x0000000085700000|100%| O|  |TAMS 0x0000000085700000, 0x0000000085600000| Untracked 
|  87|0x0000000085700000, 0x0000000085800000, 0x0000000085800000|100%| O|  |TAMS 0x0000000085800000, 0x0000000085700000| Untracked 
|  88|0x0000000085800000, 0x0000000085900000, 0x0000000085900000|100%| O|  |TAMS 0x0000000085900000, 0x0000000085800000| Untracked 
|  89|0x0000000085900000, 0x0000000085a00000, 0x0000000085a00000|100%| O|  |TAMS 0x0000000085a00000, 0x0000000085900000| Untracked 
|  90|0x0000000085a00000, 0x0000000085b00000, 0x0000000085b00000|100%| O|  |TAMS 0x0000000085b00000, 0x0000000085a00000| Untracked 
|  91|0x0000000085b00000, 0x0000000085c00000, 0x0000000085c00000|100%| O|  |TAMS 0x0000000085c00000, 0x0000000085b00000| Untracked 
|  92|0x0000000085c00000, 0x0000000085d00000, 0x0000000085d00000|100%| O|  |TAMS 0x0000000085c7da00, 0x0000000085c00000| Untracked 
|  93|0x0000000085d00000, 0x0000000085e00000, 0x0000000085e00000|100%| O|  |TAMS 0x0000000085d00000, 0x0000000085d00000| Untracked 
|  94|0x0000000085e00000, 0x0000000085f00000, 0x0000000085f00000|100%| O|  |TAMS 0x0000000085e00000, 0x0000000085e00000| Untracked 
|  95|0x0000000085f00000, 0x0000000086000000, 0x0000000086000000|100%| O|  |TAMS 0x0000000085f00000, 0x0000000085f00000| Untracked 
|  96|0x0000000086000000, 0x00000000860c6000, 0x0000000086100000| 77%| O|  |TAMS 0x0000000086000000, 0x0000000086000000| Untracked 
|  97|0x0000000086100000, 0x0000000086100000, 0x0000000086200000|  0%| F|  |TAMS 0x0000000086100000, 0x0000000086100000| Untracked 
|  98|0x0000000086200000, 0x0000000086200000, 0x0000000086300000|  0%| F|  |TAMS 0x0000000086200000, 0x0000000086200000| Untracked 
|  99|0x0000000086300000, 0x0000000086300000, 0x0000000086400000|  0%| F|  |TAMS 0x0000000086300000, 0x0000000086300000| Untracked 
| 100|0x0000000086400000, 0x0000000086400000, 0x0000000086500000|  0%| F|  |TAMS 0x0000000086400000, 0x0000000086400000| Untracked 
| 101|0x0000000086500000, 0x0000000086500000, 0x0000000086600000|  0%| F|  |TAMS 0x0000000086500000, 0x0000000086500000| Untracked 
| 102|0x0000000086600000, 0x0000000086600000, 0x0000000086700000|  0%| F|  |TAMS 0x0000000086600000, 0x0000000086600000| Untracked 
| 103|0x0000000086700000, 0x0000000086700000, 0x0000000086800000|  0%| F|  |TAMS 0x0000000086700000, 0x0000000086700000| Untracked 
| 104|0x0000000086800000, 0x0000000086800000, 0x0000000086900000|  0%| F|  |TAMS 0x0000000086800000, 0x0000000086800000| Untracked 
| 105|0x0000000086900000, 0x0000000086900000, 0x0000000086a00000|  0%| F|  |TAMS 0x0000000086900000, 0x0000000086900000| Untracked 
| 106|0x0000000086a00000, 0x0000000086a00000, 0x0000000086b00000|  0%| F|  |TAMS 0x0000000086a00000, 0x0000000086a00000| Untracked 
| 107|0x0000000086b00000, 0x0000000086b00000, 0x0000000086c00000|  0%| F|  |TAMS 0x0000000086b00000, 0x0000000086b00000| Untracked 
| 108|0x0000000086c00000, 0x0000000086c00000, 0x0000000086d00000|  0%| F|  |TAMS 0x0000000086c00000, 0x0000000086c00000| Untracked 
| 109|0x0000000086d00000, 0x0000000086d00000, 0x0000000086e00000|  0%| F|  |TAMS 0x0000000086d00000, 0x0000000086d00000| Untracked 
| 110|0x0000000086e00000, 0x0000000086e00000, 0x0000000086f00000|  0%| F|  |TAMS 0x0000000086e00000, 0x0000000086e00000| Untracked 
| 111|0x0000000086f00000, 0x0000000086f00000, 0x0000000087000000|  0%| F|  |TAMS 0x0000000086f00000, 0x0000000086f00000| Untracked 
| 112|0x0000000087000000, 0x0000000087000000, 0x0000000087100000|  0%| F|  |TAMS 0x0000000087000000, 0x0000000087000000| Untracked 
| 113|0x0000000087100000, 0x0000000087100000, 0x0000000087200000|  0%| F|  |TAMS 0x0000000087100000, 0x0000000087100000| Untracked 
| 114|0x0000000087200000, 0x0000000087200000, 0x0000000087300000|  0%| F|  |TAMS 0x0000000087200000, 0x0000000087200000| Untracked 
| 115|0x0000000087300000, 0x0000000087300000, 0x0000000087400000|  0%| F|  |TAMS 0x0000000087300000, 0x0000000087300000| Untracked 
| 116|0x0000000087400000, 0x0000000087400000, 0x0000000087500000|  0%| F|  |TAMS 0x0000000087400000, 0x0000000087400000| Untracked 
| 117|0x0000000087500000, 0x0000000087500000, 0x0000000087600000|  0%| F|  |TAMS 0x0000000087500000, 0x0000000087500000| Untracked 
| 118|0x0000000087600000, 0x0000000087600000, 0x0000000087700000|  0%| F|  |TAMS 0x0000000087600000, 0x0000000087600000| Untracked 
| 119|0x0000000087700000, 0x0000000087700000, 0x0000000087800000|  0%| F|  |TAMS 0x0000000087700000, 0x0000000087700000| Untracked 
| 120|0x0000000087800000, 0x0000000087800000, 0x0000000087900000|  0%| F|  |TAMS 0x0000000087800000, 0x0000000087800000| Untracked 
| 121|0x0000000087900000, 0x0000000087900000, 0x0000000087a00000|  0%| F|  |TAMS 0x0000000087900000, 0x0000000087900000| Untracked 
| 122|0x0000000087a00000, 0x0000000087a00000, 0x0000000087b00000|  0%| F|  |TAMS 0x0000000087a00000, 0x0000000087a00000| Untracked 
| 123|0x0000000087b00000, 0x0000000087b00000, 0x0000000087c00000|  0%| F|  |TAMS 0x0000000087b00000, 0x0000000087b00000| Untracked 
| 124|0x0000000087c00000, 0x0000000087c00000, 0x0000000087d00000|  0%| F|  |TAMS 0x0000000087c00000, 0x0000000087c00000| Untracked 
| 125|0x0000000087d00000, 0x0000000087d00000, 0x0000000087e00000|  0%| F|  |TAMS 0x0000000087d00000, 0x0000000087d00000| Untracked 
| 126|0x0000000087e00000, 0x0000000087e00000, 0x0000000087f00000|  0%| F|  |TAMS 0x0000000087e00000, 0x0000000087e00000| Untracked 
| 127|0x0000000087f00000, 0x0000000087f00000, 0x0000000088000000|  0%| F|  |TAMS 0x0000000087f00000, 0x0000000087f00000| Untracked 
| 128|0x0000000088000000, 0x0000000088000000, 0x0000000088100000|  0%| F|  |TAMS 0x0000000088000000, 0x0000000088000000| Untracked 
| 129|0x0000000088100000, 0x0000000088100000, 0x0000000088200000|  0%| F|  |TAMS 0x0000000088100000, 0x0000000088100000| Untracked 
| 130|0x0000000088200000, 0x0000000088200000, 0x0000000088300000|  0%| F|  |TAMS 0x0000000088200000, 0x0000000088200000| Untracked 
| 131|0x0000000088300000, 0x0000000088300000, 0x0000000088400000|  0%| F|  |TAMS 0x0000000088300000, 0x0000000088300000| Untracked 
| 132|0x0000000088400000, 0x0000000088400000, 0x0000000088500000|  0%| F|  |TAMS 0x0000000088400000, 0x0000000088400000| Untracked 
| 133|0x0000000088500000, 0x0000000088500000, 0x0000000088600000|  0%| F|  |TAMS 0x0000000088500000, 0x0000000088500000| Untracked 
| 134|0x0000000088600000, 0x0000000088600000, 0x0000000088700000|  0%| F|  |TAMS 0x0000000088600000, 0x0000000088600000| Untracked 
| 135|0x0000000088700000, 0x0000000088700000, 0x0000000088800000|  0%| F|  |TAMS 0x0000000088700000, 0x0000000088700000| Untracked 
| 136|0x0000000088800000, 0x0000000088800000, 0x0000000088900000|  0%| F|  |TAMS 0x0000000088800000, 0x0000000088800000| Untracked 
| 137|0x0000000088900000, 0x0000000088900000, 0x0000000088a00000|  0%| F|  |TAMS 0x0000000088900000, 0x0000000088900000| Untracked 
| 138|0x0000000088a00000, 0x0000000088a00000, 0x0000000088b00000|  0%| F|  |TAMS 0x0000000088a00000, 0x0000000088a00000| Untracked 
| 139|0x0000000088b00000, 0x0000000088b00000, 0x0000000088c00000|  0%| F|  |TAMS 0x0000000088b00000, 0x0000000088b00000| Untracked 
| 140|0x0000000088c00000, 0x0000000088c00000, 0x0000000088d00000|  0%| F|  |TAMS 0x0000000088c00000, 0x0000000088c00000| Untracked 
| 141|0x0000000088d00000, 0x0000000088d00000, 0x0000000088e00000|  0%| F|  |TAMS 0x0000000088d00000, 0x0000000088d00000| Untracked 
| 142|0x0000000088e00000, 0x0000000088e00000, 0x0000000088f00000|  0%| F|  |TAMS 0x0000000088e00000, 0x0000000088e00000| Untracked 
| 143|0x0000000088f00000, 0x0000000088f00000, 0x0000000089000000|  0%| F|  |TAMS 0x0000000088f00000, 0x0000000088f00000| Untracked 
| 144|0x0000000089000000, 0x0000000089000000, 0x0000000089100000|  0%| F|  |TAMS 0x0000000089000000, 0x0000000089000000| Untracked 
| 145|0x0000000089100000, 0x0000000089100000, 0x0000000089200000|  0%| F|  |TAMS 0x0000000089100000, 0x0000000089100000| Untracked 
| 146|0x0000000089200000, 0x0000000089200000, 0x0000000089300000|  0%| F|  |TAMS 0x0000000089200000, 0x0000000089200000| Untracked 
| 147|0x0000000089300000, 0x0000000089300000, 0x0000000089400000|  0%| F|  |TAMS 0x0000000089300000, 0x0000000089300000| Untracked 
| 148|0x0000000089400000, 0x0000000089400000, 0x0000000089500000|  0%| F|  |TAMS 0x0000000089400000, 0x0000000089400000| Untracked 
| 149|0x0000000089500000, 0x0000000089500000, 0x0000000089600000|  0%| F|  |TAMS 0x0000000089500000, 0x0000000089500000| Untracked 
| 150|0x0000000089600000, 0x0000000089600000, 0x0000000089700000|  0%| F|  |TAMS 0x0000000089600000, 0x0000000089600000| Untracked 
| 151|0x0000000089700000, 0x0000000089700000, 0x0000000089800000|  0%| F|  |TAMS 0x0000000089700000, 0x0000000089700000| Untracked 
| 152|0x0000000089800000, 0x0000000089900000, 0x0000000089900000|100%| E|  |TAMS 0x0000000089800000, 0x0000000089800000| Complete 
| 153|0x0000000089900000, 0x0000000089a00000, 0x0000000089a00000|100%| E|CS|TAMS 0x0000000089900000, 0x0000000089900000| Complete 
| 154|0x0000000089a00000, 0x0000000089b00000, 0x0000000089b00000|100%| E|CS|TAMS 0x0000000089a00000, 0x0000000089a00000| Complete 
| 155|0x0000000089b00000, 0x0000000089c00000, 0x0000000089c00000|100%| E|CS|TAMS 0x0000000089b00000, 0x0000000089b00000| Complete 
| 194|0x000000008c200000, 0x000000008c300000, 0x000000008c300000|100%| E|CS|TAMS 0x000000008c200000, 0x000000008c200000| Complete 
| 195|0x000000008c300000, 0x000000008c400000, 0x000000008c400000|100%| E|CS|TAMS 0x000000008c300000, 0x000000008c300000| Complete 
| 196|0x000000008c400000, 0x000000008c500000, 0x000000008c500000|100%| E|CS|TAMS 0x000000008c400000, 0x000000008c400000| Complete 
| 197|0x000000008c500000, 0x000000008c600000, 0x000000008c600000|100%| E|CS|TAMS 0x000000008c500000, 0x000000008c500000| Complete 
| 198|0x000000008c600000, 0x000000008c700000, 0x000000008c700000|100%| E|CS|TAMS 0x000000008c600000, 0x000000008c600000| Complete 
| 199|0x000000008c700000, 0x000000008c800000, 0x000000008c800000|100%| E|CS|TAMS 0x000000008c700000, 0x000000008c700000| Complete 
| 200|0x000000008c800000, 0x000000008c900000, 0x000000008c900000|100%| E|CS|TAMS 0x000000008c800000, 0x000000008c800000| Complete 
| 201|0x000000008c900000, 0x000000008c9fbea0, 0x000000008ca00000| 98%| S|CS|TAMS 0x000000008c900000, 0x000000008c900000| Complete 
| 202|0x000000008ca00000, 0x000000008cb00000, 0x000000008cb00000|100%| E|CS|TAMS 0x000000008ca00000, 0x000000008ca00000| Complete 
| 252|0x000000008fc00000, 0x000000008fd00000, 0x000000008fd00000|100%| E|CS|TAMS 0x000000008fc00000, 0x000000008fc00000| Complete 
| 253|0x000000008fd00000, 0x000000008fe00000, 0x000000008fe00000|100%| E|CS|TAMS 0x000000008fd00000, 0x000000008fd00000| Complete 

Card table byte_map: [0x000001ed93d40000,0x000001ed94140000] _byte_map_base: 0x000001ed93940000

Marking Bits (Prev, Next): (CMBitMap*) 0x000001edff1d8950, (CMBitMap*) 0x000001edff1d8910
 Prev Bits: [0x000001ed96540000, 0x000001ed98540000)
 Next Bits: [0x000001ed94540000, 0x000001ed96540000)

Polling page: 0x000001edff230000

Metaspace:

Usage:
  Non-class:     65.12 MB used.
      Class:     10.54 MB used.
       Both:     75.66 MB used.

Virtual space:
  Non-class space:      128.00 MB reserved,      65.50 MB ( 51%) committed,  2 nodes.
      Class space:      416.00 MB reserved,      10.88 MB (  3%) committed,  1 nodes.
             Both:      544.00 MB reserved,      76.38 MB ( 14%) committed. 

Chunk freelists:
   Non-Class:  13.94 MB
       Class:  4.95 MB
        Both:  18.89 MB

MaxMetaspaceSize: 512.00 MB
CompressedClassSpaceSize: 416.00 MB
Initial GC threshold: 21.00 MB
Current GC threshold: 123.56 MB
CDS: off
MetaspaceReclaimPolicy: balanced
 - commit_granule_bytes: 65536.
 - commit_granule_words: 8192.
 - virtual_space_node_default_size: 8388608.
 - enlarge_chunks_in_place: 1.
 - new_chunks_are_fully_committed: 0.
 - uncommit_free_chunks: 1.
 - use_allocation_guard: 0.
 - handle_deallocations: 1.


Internal statistics:

num_allocs_failed_limit: 6.
num_arena_births: 1016.
num_arena_deaths: 4.
num_vsnodes_births: 3.
num_vsnodes_deaths: 0.
num_space_committed: 1222.
num_space_uncommitted: 0.
num_chunks_returned_to_freelist: 12.
num_chunks_taken_from_freelist: 3999.
num_chunk_merges: 6.
num_chunk_splits: 2540.
num_chunks_enlarged: 1566.
num_inconsistent_stats: 0.

CodeHeap 'non-profiled nmethods': size=120000Kb used=4237Kb max_used=4237Kb free=115762Kb
 bounds [0x000001ed8c300000, 0x000001ed8c730000, 0x000001ed93830000]
CodeHeap 'profiled nmethods': size=120000Kb used=14351Kb max_used=14351Kb free=105648Kb
 bounds [0x000001ed84830000, 0x000001ed85640000, 0x000001ed8bd60000]
CodeHeap 'non-nmethods': size=5760Kb used=2363Kb max_used=2458Kb free=3396Kb
 bounds [0x000001ed8bd60000, 0x000001ed8bfe0000, 0x000001ed8c300000]
 total_blobs=8125 nmethods=7234 adapters=802
 compilation: enabled
              stopped_count=0, restarted_count=0
 full_count=0

Compilation events (20 events):
Event: 30.176 Thread 0x000001ed9b192070 7771       3       org.gradle.api.internal.artifacts.DefaultModuleVersionIdentifier::getGroup (10 bytes)
Event: 30.176 Thread 0x000001ed9b192070 nmethod 7771 0x000001ed855e8810 code [0x000001ed855e89a0, 0x000001ed855e8b18]
Event: 30.176 Thread 0x000001ed9b192070 7772       1       org.gradle.internal.component.external.model.AbstractMutableModuleComponentResolveMetadata$ImmutableVariantImpl::getCapabilities (5 bytes)
Event: 30.176 Thread 0x000001ed9b192070 nmethod 7772 0x000001ed8c70f510 code [0x000001ed8c70f6a0, 0x000001ed8c70f778]
Event: 30.181 Thread 0x000001ed9b192070 7773       3       org.gradle.internal.component.external.model.GradleDependencyMetadata::<init> (30 bytes)
Event: 30.182 Thread 0x000001ed9b192070 nmethod 7773 0x000001ed855e8c10 code [0x000001ed855e8e20, 0x000001ed855e94d8]
Event: 30.183 Thread 0x000001ed9b192070 7774       3       org.gradle.api.internal.attributes.DefaultMutableAttributeContainer::asImmutable (9 bytes)
Event: 30.183 Thread 0x000001ed9b192070 nmethod 7774 0x000001ed855e9790 code [0x000001ed855e9920, 0x000001ed855e9a68]
Event: 30.183 Thread 0x000001ed9b192070 7775   !   3       org.gradle.api.internal.attributes.DefaultMutableAttributeContainer::realizeAllLazyAttributes (63 bytes)
Event: 30.185 Thread 0x000001ed9b192070 nmethod 7775 0x000001ed855e9b10 code [0x000001ed855e9da0, 0x000001ed855ea928]
Event: 30.185 Thread 0x000001ed9b192070 7776       3       com.google.common.collect.RegularImmutableMap::createKeySet (9 bytes)
Event: 30.185 Thread 0x000001ed9b192070 nmethod 7776 0x000001ed855ead10 code [0x000001ed855eaee0, 0x000001ed855eb338]
Event: 30.185 Thread 0x000001ed9b192070 7777       3       com.google.common.collect.RegularImmutableMap$KeySet::<init> (10 bytes)
Event: 30.186 Thread 0x000001ed9b192070 nmethod 7777 0x000001ed855eb510 code [0x000001ed855eb6e0, 0x000001ed855eba78]
Event: 30.186 Thread 0x000001ed9b192070 7778       3       com.google.common.collect.IndexedImmutableSet::<init> (5 bytes)
Event: 30.186 Thread 0x000001ed9b192070 nmethod 7778 0x000001ed855ebc10 code [0x000001ed855ebdc0, 0x000001ed855ec098]
Event: 30.188 Thread 0x000001ed9b192070 7779       3       org.gradle.api.internal.attributes.HierarchicalAttributeContainer::asImmutable (72 bytes)
Event: 30.189 Thread 0x000001ed9b192070 nmethod 7779 0x000001ed855ec210 code [0x000001ed855ec440, 0x000001ed855ecb68]
Event: 30.191 Thread 0x000001eda41b9550 nmethod 7754 0x000001ed8c70f810 code [0x000001ed8c70f9e0, 0x000001ed8c710198]
Event: 30.191 Thread 0x000001eda41b9550 7756       4       org.gradle.api.internal.artifacts.ivyservice.modulecache.StringDeduplicatingDecoder::readString (22 bytes)

GC Heap History (20 events):
Event: 24.638 GC heap before
{Heap before GC invocations=31 (full 0):
 garbage-first heap   total 126976K, used 97967K [0x0000000080000000, 0x0000000100000000)
  region size 1024K, 32 young (32768K), 3 survivors (3072K)
 Metaspace       used 59293K, committed 59968K, reserved 491520K
  class space    used 8109K, committed 8384K, reserved 425984K
}
Event: 24.645 GC heap after
{Heap after GC invocations=32 (full 0):
 garbage-first heap   total 126976K, used 70940K [0x0000000080000000, 0x0000000100000000)
  region size 1024K, 4 young (4096K), 4 survivors (4096K)
 Metaspace       used 59293K, committed 59968K, reserved 491520K
  class space    used 8109K, committed 8384K, reserved 425984K
}
Event: 25.595 GC heap before
{Heap before GC invocations=32 (full 0):
 garbage-first heap   total 126976K, used 100636K [0x0000000080000000, 0x0000000100000000)
  region size 1024K, 33 young (33792K), 4 survivors (4096K)
 Metaspace       used 62137K, committed 62848K, reserved 491520K
  class space    used 8592K, committed 8896K, reserved 425984K
}
Event: 25.604 GC heap after
{Heap after GC invocations=33 (full 0):
 garbage-first heap   total 126976K, used 73837K [0x0000000080000000, 0x0000000100000000)
  region size 1024K, 3 young (3072K), 3 survivors (3072K)
 Metaspace       used 62137K, committed 62848K, reserved 491520K
  class space    used 8592K, committed 8896K, reserved 425984K
}
Event: 26.313 GC heap before
{Heap before GC invocations=34 (full 0):
 garbage-first heap   total 133120K, used 105581K [0x0000000080000000, 0x0000000100000000)
  region size 1024K, 30 young (30720K), 3 survivors (3072K)
 Metaspace       used 64734K, committed 65472K, reserved 491520K
  class space    used 8930K, committed 9216K, reserved 425984K
}
Event: 26.319 GC heap after
{Heap after GC invocations=35 (full 0):
 garbage-first heap   total 133120K, used 81356K [0x0000000080000000, 0x0000000100000000)
  region size 1024K, 4 young (4096K), 4 survivors (4096K)
 Metaspace       used 64734K, committed 65472K, reserved 491520K
  class space    used 8930K, committed 9216K, reserved 425984K
}
Event: 26.364 GC heap before
{Heap before GC invocations=35 (full 0):
 garbage-first heap   total 133120K, used 90572K [0x0000000080000000, 0x0000000100000000)
  region size 1024K, 6 young (6144K), 4 survivors (4096K)
 Metaspace       used 64785K, committed 65472K, reserved 491520K
  class space    used 8937K, committed 9216K, reserved 425984K
}
Event: 26.371 GC heap after
{Heap after GC invocations=36 (full 0):
 garbage-first heap   total 159744K, used 91436K [0x0000000080000000, 0x0000000100000000)
  region size 1024K, 1 young (1024K), 1 survivors (1024K)
 Metaspace       used 64785K, committed 65472K, reserved 491520K
  class space    used 8937K, committed 9216K, reserved 425984K
}
Event: 27.193 GC heap before
{Heap before GC invocations=36 (full 0):
 garbage-first heap   total 159744K, used 127276K [0x0000000080000000, 0x0000000100000000)
  region size 1024K, 36 young (36864K), 1 survivors (1024K)
 Metaspace       used 68314K, committed 69056K, reserved 491520K
  class space    used 9440K, committed 9792K, reserved 425984K
}
Event: 27.196 GC heap after
{Heap after GC invocations=37 (full 0):
 garbage-first heap   total 159744K, used 91950K [0x0000000080000000, 0x0000000100000000)
  region size 1024K, 2 young (2048K), 2 survivors (2048K)
 Metaspace       used 68314K, committed 69056K, reserved 491520K
  class space    used 9440K, committed 9792K, reserved 425984K
}
Event: 28.045 GC heap before
{Heap before GC invocations=38 (full 0):
 garbage-first heap   total 162816K, used 129838K [0x0000000080000000, 0x0000000100000000)
  region size 1024K, 39 young (39936K), 2 survivors (2048K)
 Metaspace       used 71933K, committed 72704K, reserved 491520K
  class space    used 9987K, committed 10368K, reserved 425984K
}
Event: 28.051 GC heap after
{Heap after GC invocations=39 (full 0):
 garbage-first heap   total 162816K, used 94339K [0x0000000080000000, 0x0000000100000000)
  region size 1024K, 4 young (4096K), 4 survivors (4096K)
 Metaspace       used 71933K, committed 72704K, reserved 491520K
  class space    used 9987K, committed 10368K, reserved 425984K
}
Event: 28.116 GC heap before
{Heap before GC invocations=39 (full 0):
 garbage-first heap   total 162816K, used 97411K [0x0000000080000000, 0x0000000100000000)
  region size 1024K, 7 young (7168K), 4 survivors (4096K)
 Metaspace       used 72157K, committed 72896K, reserved 491520K
  class space    used 10034K, committed 10368K, reserved 425984K
}
Event: 28.122 GC heap after
{Heap after GC invocations=40 (full 0):
 garbage-first heap   total 162816K, used 94195K [0x0000000080000000, 0x0000000100000000)
  region size 1024K, 1 young (1024K), 1 survivors (1024K)
 Metaspace       used 72157K, committed 72896K, reserved 491520K
  class space    used 10034K, committed 10368K, reserved 425984K
}
Event: 29.018 GC heap before
{Heap before GC invocations=40 (full 0):
 garbage-first heap   total 162816K, used 134131K [0x0000000080000000, 0x0000000100000000)
  region size 1024K, 40 young (40960K), 1 survivors (1024K)
 Metaspace       used 74748K, committed 75520K, reserved 491520K
  class space    used 10387K, committed 10752K, reserved 425984K
}
Event: 29.021 GC heap after
{Heap after GC invocations=41 (full 0):
 garbage-first heap   total 162816K, used 95073K [0x0000000080000000, 0x0000000100000000)
  region size 1024K, 2 young (2048K), 2 survivors (2048K)
 Metaspace       used 74748K, committed 75520K, reserved 491520K
  class space    used 10387K, committed 10752K, reserved 425984K
}
Event: 29.832 GC heap before
{Heap before GC invocations=42 (full 0):
 garbage-first heap   total 171008K, used 133985K [0x0000000080000000, 0x0000000100000000)
  region size 1024K, 40 young (40960K), 2 survivors (2048K)
 Metaspace       used 76640K, committed 77376K, reserved 557056K
  class space    used 10684K, committed 11008K, reserved 425984K
}
Event: 29.839 GC heap after
{Heap after GC invocations=43 (full 0):
 garbage-first heap   total 171008K, used 98821K [0x0000000080000000, 0x0000000100000000)
  region size 1024K, 5 young (5120K), 5 survivors (5120K)
 Metaspace       used 76640K, committed 77376K, reserved 557056K
  class space    used 10684K, committed 11008K, reserved 425984K
}
Event: 29.918 GC heap before
{Heap before GC invocations=43 (full 0):
 garbage-first heap   total 171008K, used 101893K [0x0000000080000000, 0x0000000100000000)
  region size 1024K, 8 young (8192K), 5 survivors (5120K)
 Metaspace       used 76852K, committed 77696K, reserved 557056K
  class space    used 10704K, committed 11072K, reserved 425984K
}
Event: 29.926 GC heap after
{Heap after GC invocations=44 (full 0):
 garbage-first heap   total 171008K, used 99079K [0x0000000080000000, 0x0000000100000000)
  region size 1024K, 1 young (1024K), 1 survivors (1024K)
 Metaspace       used 76852K, committed 77696K, reserved 557056K
  class space    used 10704K, committed 11072K, reserved 425984K
}

Dll operation events (3 events):
Event: 0.013 Loaded shared library C:\Program Files\Android\Android Studio\jbr\bin\java.dll
Event: 0.223 Loaded shared library C:\Program Files\Android\Android Studio\jbr\bin\zip.dll
Event: 0.796 Loaded shared library C:\Program Files\Android\Android Studio\jbr\bin\verify.dll

Deoptimization events (20 events):
Event: 29.757 Thread 0x000001eda0a6ebd0 Uncommon trap: trap_request=0xffffff45 fr.pc=0x000001ed8c49bd68 relative=0x0000000000005848
Event: 29.757 Thread 0x000001eda0a6ebd0 Uncommon trap: reason=unstable_if action=reinterpret pc=0x000001ed8c49bd68 method=org.objectweb.asm.Frame.execute(IILorg/objectweb/asm/Symbol;Lorg/objectweb/asm/SymbolTable;)V @ 1 c2
Event: 29.757 Thread 0x000001eda0a6ebd0 DEOPT PACKING pc=0x000001ed8c49bd68 sp=0x00000009ae4f5790
Event: 29.757 Thread 0x000001eda0a6ebd0 DEOPT UNPACKING pc=0x000001ed8bdb69a3 sp=0x00000009ae4f5738 mode 2
Event: 29.916 Thread 0x000001eda0a6ebd0 Uncommon trap: trap_request=0xffffffc6 fr.pc=0x000001ed8c5882e4 relative=0x0000000000000984
Event: 29.916 Thread 0x000001eda0a6ebd0 Uncommon trap: reason=bimorphic_or_optimized_type_check action=maybe_recompile pc=0x000001ed8c5882e4 method=org.codehaus.groovy.runtime.metaclass.MetaMethodIndex.isOverridden(Lgroovy/lang/MetaMethod;Lgroovy/lang/MetaMethod;)Z @ 56 c2
Event: 29.916 Thread 0x000001eda0a6ebd0 DEOPT PACKING pc=0x000001ed8c5882e4 sp=0x00000009ae4f5850
Event: 29.916 Thread 0x000001eda0a6ebd0 DEOPT UNPACKING pc=0x000001ed8bdb69a3 sp=0x00000009ae4f57a8 mode 2
Event: 29.978 Thread 0x000001eda0a6ebd0 Uncommon trap: trap_request=0xfffffff4 fr.pc=0x000001ed8c603448 relative=0x00000000000006e8
Event: 29.978 Thread 0x000001eda0a6ebd0 Uncommon trap: reason=null_check action=make_not_entrant pc=0x000001ed8c603448 method=org.gradle.util.internal.SimpleMapInterner.intern(Ljava/lang/Object;)Ljava/lang/Object; @ 2 c2
Event: 29.978 Thread 0x000001eda0a6ebd0 DEOPT PACKING pc=0x000001ed8c603448 sp=0x00000009ae4f6cc0
Event: 29.978 Thread 0x000001eda0a6ebd0 DEOPT UNPACKING pc=0x000001ed8bdb69a3 sp=0x00000009ae4f6c88 mode 2
Event: 29.978 Thread 0x000001eda0a6ebd0 Uncommon trap: trap_request=0xffffff45 fr.pc=0x000001ed8c60614c relative=0x00000000000006ec
Event: 29.978 Thread 0x000001eda0a6ebd0 Uncommon trap: reason=unstable_if action=reinterpret pc=0x000001ed8c60614c method=org.gradle.util.internal.SimpleMapInterner.intern(Ljava/lang/String;)Ljava/lang/String; @ 1 c2
Event: 29.978 Thread 0x000001eda0a6ebd0 DEOPT PACKING pc=0x000001ed8c60614c sp=0x00000009ae4f6c50
Event: 29.978 Thread 0x000001eda0a6ebd0 DEOPT UNPACKING pc=0x000001ed8bdb69a3 sp=0x00000009ae4f6c18 mode 2
Event: 30.128 Thread 0x000001eda0a6ebd0 Uncommon trap: trap_request=0xffffff6e fr.pc=0x000001ed8c317af4 relative=0x0000000000000174
Event: 30.128 Thread 0x000001eda0a6ebd0 Uncommon trap: reason=loop_limit_check action=maybe_recompile pc=0x000001ed8c317af4 method=java.lang.StringLatin1.lastIndexOf([BII)I @ 19 c2
Event: 30.129 Thread 0x000001eda0a6ebd0 DEOPT PACKING pc=0x000001ed8c317af4 sp=0x00000009ae4f7130
Event: 30.129 Thread 0x000001eda0a6ebd0 DEOPT UNPACKING pc=0x000001ed8bdb69a3 sp=0x00000009ae4f70b0 mode 2

Classes unloaded (2 events):
Event: 11.443 Thread 0x000001ed9afbed00 Unloading class 0x00000001006bc400 'java/lang/invoke/LambdaForm$DMH+0x00000001006bc400'
Event: 11.564 Thread 0x000001ed9afbed00 Unloading class 0x00000001006bcc00 'java/lang/invoke/LambdaForm$DMH+0x00000001006bcc00'

Classes redefined (0 events):
No events

Internal exceptions (20 events):
Event: 29.010 Thread 0x000001eda0a6ebd0 Exception <a 'java/lang/ClassNotFoundException'{0x0000000087786350}: org/jetbrains/kotlin/gradle/targets/js/npm/DefaultPeerNpmDependencyExtension$delegate$1Customizer> (0x0000000087786350) 
thrown [s\src\hotspot\share\classfile\systemDictionary.cpp, line 256]
Event: 29.042 Thread 0x000001eda0a6ebd0 Exception <a 'java/lang/NoSuchMethodError'{0x000000008fdf2fe0}: static Lorg/jetbrains/kotlin/gradle/plugin/internal/DefaultIdeaSyncDetector$createIdeaPropertiesEvaluator$1;.<clinit>()V> (0x000000008fdf2fe0) 
thrown [s\src\hotspot\share\prims\jni.cpp, line 1108]
Event: 29.891 Thread 0x000001eda0a6ebd0 Exception <a 'java/lang/ClassNotFoundException'{0x000000008fcc8d40}: build_1ceuxyfa289792kqnwi1ygf9mBeanInfo> (0x000000008fcc8d40) 
thrown [s\src\hotspot\share\classfile\systemDictionary.cpp, line 256]
Event: 29.892 Thread 0x000001eda0a6ebd0 Exception <a 'java/lang/ClassNotFoundException'{0x000000008fcd4738}: org/gradle/api/internal/project/ProjectScriptBeanInfo> (0x000000008fcd4738) 
thrown [s\src\hotspot\share\classfile\systemDictionary.cpp, line 256]
Event: 29.893 Thread 0x000001eda0a6ebd0 Exception <a 'java/lang/ClassNotFoundException'{0x000000008fcdff78}: org/gradle/api/internal/project/ProjectScriptCustomizer> (0x000000008fcdff78) 
thrown [s\src\hotspot\share\classfile\systemDictionary.cpp, line 256]
Event: 29.894 Thread 0x000001eda0a6ebd0 Exception <a 'java/lang/ClassNotFoundException'{0x000000008fcf77f8}: build_1ceuxyfa289792kqnwi1ygf9mCustomizer> (0x000000008fcf77f8) 
thrown [s\src\hotspot\share\classfile\systemDictionary.cpp, line 256]
Event: 29.936 Thread 0x000001eda0a6ebd0 Exception <a 'java/lang/ClassNotFoundException'{0x000000008c8416e0}: org/gradle/api/internal/artifacts/dsl/DefaultRepositoryHandler_DecoratedBeanInfo> (0x000000008c8416e0) 
thrown [s\src\hotspot\share\classfile\systemDictionary.cpp, line 256]
Event: 29.938 Thread 0x000001eda0a6ebd0 Exception <a 'java/lang/ClassNotFoundException'{0x000000008c858728}: org/gradle/api/internal/artifacts/dsl/DefaultRepositoryHandlerBeanInfo> (0x000000008c858728) 
thrown [s\src\hotspot\share\classfile\systemDictionary.cpp, line 256]
Event: 29.939 Thread 0x000001eda0a6ebd0 Exception <a 'java/lang/ClassNotFoundException'{0x000000008c86f908}: org/gradle/api/internal/artifacts/DefaultArtifactRepositoryContainerBeanInfo> (0x000000008c86f908) 
thrown [s\src\hotspot\share\classfile\systemDictionary.cpp, line 256]
Event: 29.941 Thread 0x000001eda0a6ebd0 Exception <a 'java/lang/ClassNotFoundException'{0x000000008c883af8}: org/gradle/api/internal/DefaultNamedDomainObjectListBeanInfo> (0x000000008c883af8) 
thrown [s\src\hotspot\share\classfile\systemDictionary.cpp, line 256]
Event: 29.942 Thread 0x000001eda0a6ebd0 Exception <a 'java/lang/ClassNotFoundException'{0x000000008c898660}: org/gradle/api/internal/DefaultNamedDomainObjectCollectionBeanInfo> (0x000000008c898660) 
thrown [s\src\hotspot\share\classfile\systemDictionary.cpp, line 256]
Event: 29.943 Thread 0x000001eda0a6ebd0 Exception <a 'java/lang/ClassNotFoundException'{0x000000008c8ad868}: org/gradle/api/internal/DefaultDomainObjectCollectionBeanInfo> (0x000000008c8ad868) 
thrown [s\src\hotspot\share\classfile\systemDictionary.cpp, line 256]
Event: 29.944 Thread 0x000001eda0a6ebd0 Exception <a 'java/lang/ClassNotFoundException'{0x000000008c8c2898}: org/gradle/api/internal/DefaultDomainObjectCollectionCustomizer> (0x000000008c8c2898) 
thrown [s\src\hotspot\share\classfile\systemDictionary.cpp, line 256]
Event: 29.947 Thread 0x000001eda0a6ebd0 Exception <a 'java/lang/ClassNotFoundException'{0x000000008c8f4fb8}: org/gradle/api/internal/DefaultNamedDomainObjectCollectionCustomizer> (0x000000008c8f4fb8) 
thrown [s\src\hotspot\share\classfile\systemDictionary.cpp, line 256]
Event: 29.950 Thread 0x000001eda0a6ebd0 Exception <a 'java/lang/ClassNotFoundException'{0x000000008c732258}: org/gradle/api/internal/DefaultNamedDomainObjectListCustomizer> (0x000000008c732258) 
thrown [s\src\hotspot\share\classfile\systemDictionary.cpp, line 256]
Event: 29.953 Thread 0x000001eda0a6ebd0 Exception <a 'java/lang/ClassNotFoundException'{0x000000008c766900}: org/gradle/api/internal/artifacts/DefaultArtifactRepositoryContainerCustomizer> (0x000000008c766900) 
thrown [s\src\hotspot\share\classfile\systemDictionary.cpp, line 256]
Event: 29.956 Thread 0x000001eda0a6ebd0 Exception <a 'java/lang/ClassNotFoundException'{0x000000008c7907f0}: org/gradle/api/internal/artifacts/dsl/DefaultRepositoryHandlerCustomizer> (0x000000008c7907f0) 
thrown [s\src\hotspot\share\classfile\systemDictionary.cpp, line 256]
Event: 29.965 Thread 0x000001eda0a6ebd0 Exception <a 'java/lang/ClassNotFoundException'{0x000000008c7c8760}: org/gradle/api/internal/artifacts/dsl/DefaultRepositoryHandler_DecoratedCustomizer> (0x000000008c7c8760) 
thrown [s\src\hotspot\share\classfile\systemDictionary.cpp, line 256]
Event: 29.978 Thread 0x000001eda0a6ebd0 Implicit null exception at 0x000001ed8c602d92 to 0x000001ed8c603438
Event: 29.978 Thread 0x000001eda0a6ebd0 Implicit null exception at 0x000001ed8c605a94 to 0x000001ed8c606134

VM Operations (20 events):
Event: 27.338 Executing VM operation: G1PauseCleanup
Event: 27.338 Executing VM operation: G1PauseCleanup done
Event: 28.045 Executing VM operation: G1CollectForAllocation
Event: 28.051 Executing VM operation: G1CollectForAllocation done
Event: 28.116 Executing VM operation: G1CollectForAllocation
Event: 28.122 Executing VM operation: G1CollectForAllocation done
Event: 28.901 Executing VM operation: HandshakeAllThreads
Event: 28.901 Executing VM operation: HandshakeAllThreads done
Event: 29.017 Executing VM operation: G1CollectForAllocation
Event: 29.021 Executing VM operation: G1CollectForAllocation done
Event: 29.126 Executing VM operation: G1PauseRemark
Event: 29.129 Executing VM operation: G1PauseRemark done
Event: 29.182 Executing VM operation: G1PauseCleanup
Event: 29.183 Executing VM operation: G1PauseCleanup done
Event: 29.832 Executing VM operation: G1CollectForAllocation
Event: 29.839 Executing VM operation: G1CollectForAllocation done
Event: 29.918 Executing VM operation: G1CollectForAllocation
Event: 29.926 Executing VM operation: G1CollectForAllocation done
Event: 30.086 Executing VM operation: HandshakeAllThreads
Event: 30.087 Executing VM operation: HandshakeAllThreads done

Events (20 events):
Event: 27.783 loading class com/sun/org/apache/xerces/internal/utils/XMLSecurityManager$NameMap done
Event: 27.783 loading class com/sun/org/apache/xerces/internal/utils/XMLSecurityPropertyManager
Event: 27.783 loading class com/sun/org/apache/xerces/internal/utils/XMLSecurityPropertyManager done
Event: 27.783 loading class com/sun/org/apache/xerces/internal/utils/XMLSecurityPropertyManager$State
Event: 27.783 loading class com/sun/org/apache/xerces/internal/utils/XMLSecurityPropertyManager$State done
Event: 27.783 loading class com/sun/org/apache/xerces/internal/utils/XMLSecurityPropertyManager$Property
Event: 27.784 loading class com/sun/org/apache/xerces/internal/utils/XMLSecurityPropertyManager$Property done
Event: 27.812 loading class java/util/regex/Pattern$SliceI
Event: 27.812 loading class java/util/regex/Pattern$SliceI done
Event: 27.841 Thread 0x000001eda3cc4890 Thread added: 0x000001eda3cc4890
Event: 27.846 loading class java/lang/Byte$ByteCache
Event: 27.846 loading class java/lang/Byte$ByteCache done
Event: 27.977 Thread 0x000001eda41b7020 Thread added: 0x000001eda41b7020
Event: 28.663 loading class java/util/regex/Pattern$1
Event: 28.663 loading class java/util/regex/Pattern$1 done
Event: 28.910 Thread 0x000001ed9b1937b0 flushing nmethod 0x000001ed84e13f10
Event: 29.853 loading class java/lang/AbstractMethodError
Event: 29.853 loading class java/lang/AbstractMethodError done
Event: 29.949 Thread 0x000001eda41b9550 Thread added: 0x000001eda41b9550
Event: 30.005 Thread 0x000001eda3cc8550 Thread added: 0x000001eda3cc8550


Dynamic libraries:
0x00007ff7bc250000 - 0x00007ff7bc25a000 	C:\Program Files\Android\Android Studio\jbr\bin\java.exe
0x00007ffa30f10000 - 0x00007ffa31127000 	C:\WINDOWS\SYSTEM32\ntdll.dll
0x00007ffa2f7e0000 - 0x00007ffa2f8a4000 	C:\WINDOWS\System32\KERNEL32.DLL
0x00007ffa2e7f0000 - 0x00007ffa2eb9d000 	C:\WINDOWS\System32\KERNELBASE.dll
0x00007ffa2e2e0000 - 0x00007ffa2e3f1000 	C:\WINDOWS\System32\ucrtbase.dll
0x00007ff9fe130000 - 0x00007ff9fe147000 	C:\Program Files\Android\Android Studio\jbr\bin\jli.dll
0x00007ff9ef8a0000 - 0x00007ff9ef8bb000 	C:\Program Files\Android\Android Studio\jbr\bin\VCRUNTIME140.dll
0x00007ffa30190000 - 0x00007ffa3033e000 	C:\WINDOWS\System32\USER32.dll
0x00007ffa2d480000 - 0x00007ffa2d713000 	C:\WINDOWS\WinSxS\amd64_microsoft.windows.common-controls_6595b64144ccf1df_6.0.22621.3672_none_2713b9d173822955\COMCTL32.dll
0x00007ffa2e240000 - 0x00007ffa2e266000 	C:\WINDOWS\System32\win32u.dll
0x00007ffa2f410000 - 0x00007ffa2f4b7000 	C:\WINDOWS\System32\msvcrt.dll
0x00007ffa303a0000 - 0x00007ffa303c9000 	C:\WINDOWS\System32\GDI32.dll
0x00007ffa2e560000 - 0x00007ffa2e679000 	C:\WINDOWS\System32\gdi32full.dll
0x00007ffa2e4c0000 - 0x00007ffa2e55a000 	C:\WINDOWS\System32\msvcp_win.dll
0x00007ffa303d0000 - 0x00007ffa30401000 	C:\WINDOWS\System32\IMM32.DLL
0x00007ff9f0120000 - 0x00007ff9f012c000 	C:\Program Files\Android\Android Studio\jbr\bin\vcruntime140_1.dll
0x00007ff9d56c0000 - 0x00007ff9d574d000 	C:\Program Files\Android\Android Studio\jbr\bin\msvcp140.dll
0x00007ff9c7f70000 - 0x00007ff9c8bf3000 	C:\Program Files\Android\Android Studio\jbr\bin\server\jvm.dll
0x00007ffa30620000 - 0x00007ffa306d2000 	C:\WINDOWS\System32\ADVAPI32.dll
0x00007ffa2ec50000 - 0x00007ffa2ecf9000 	C:\WINDOWS\System32\sechost.dll
0x00007ffa2eba0000 - 0x00007ffa2ebc8000 	C:\WINDOWS\System32\bcrypt.dll
0x00007ffa30cc0000 - 0x00007ffa30dd4000 	C:\WINDOWS\System32\RPCRT4.dll
0x00007ffa2dd60000 - 0x00007ffa2ddad000 	C:\WINDOWS\SYSTEM32\POWRPROF.dll
0x00007ffa24800000 - 0x00007ffa24809000 	C:\WINDOWS\SYSTEM32\WSOCK32.dll
0x00007ffa23f50000 - 0x00007ffa23f84000 	C:\WINDOWS\SYSTEM32\WINMM.dll
0x00007ffa30110000 - 0x00007ffa30181000 	C:\WINDOWS\System32\WS2_32.dll
0x00007ffa21d10000 - 0x00007ffa21d1a000 	C:\WINDOWS\SYSTEM32\VERSION.dll
0x00007ffa2d810000 - 0x00007ffa2d823000 	C:\WINDOWS\SYSTEM32\UMPDC.dll
0x00007ffa2ca20000 - 0x00007ffa2ca38000 	C:\WINDOWS\SYSTEM32\kernel.appcore.dll
0x00007ffa1a910000 - 0x00007ffa1a91a000 	C:\Program Files\Android\Android Studio\jbr\bin\jimage.dll
0x00007ffa2db20000 - 0x00007ffa2dd52000 	C:\WINDOWS\SYSTEM32\DBGHELP.DLL
0x00007ffa2eeb0000 - 0x00007ffa2f238000 	C:\WINDOWS\System32\combase.dll
0x00007ffa30700000 - 0x00007ffa307d7000 	C:\WINDOWS\System32\OLEAUT32.dll
0x00007ffa2da10000 - 0x00007ffa2da42000 	C:\WINDOWS\SYSTEM32\dbgcore.DLL
0x00007ffa2ebd0000 - 0x00007ffa2ec4b000 	C:\WINDOWS\System32\bcryptPrimitives.dll
0x00007ff9fe7a0000 - 0x00007ff9fe7ae000 	C:\Program Files\Android\Android Studio\jbr\bin\instrument.dll
0x00007ffa144b0000 - 0x00007ffa144d5000 	C:\Program Files\Android\Android Studio\jbr\bin\java.dll
0x00007ff9fe8a0000 - 0x00007ff9fe8b8000 	C:\Program Files\Android\Android Studio\jbr\bin\zip.dll
0x00007ffa2f8b0000 - 0x00007ffa3010f000 	C:\WINDOWS\System32\SHELL32.dll
0x00007ffa2b910000 - 0x00007ffa2c20c000 	C:\WINDOWS\SYSTEM32\windows.storage.dll
0x00007ffa2b7d0000 - 0x00007ffa2b90f000 	C:\WINDOWS\SYSTEM32\wintypes.dll
0x00007ffa2f240000 - 0x00007ffa2f334000 	C:\WINDOWS\System32\SHCORE.dll
0x00007ffa2f4c0000 - 0x00007ffa2f51e000 	C:\WINDOWS\System32\shlwapi.dll
0x00007ffa2e170000 - 0x00007ffa2e191000 	C:\WINDOWS\SYSTEM32\profapi.dll
0x00007ff9fe880000 - 0x00007ff9fe899000 	C:\Program Files\Android\Android Studio\jbr\bin\net.dll
0x00007ffa25850000 - 0x00007ffa25986000 	C:\WINDOWS\SYSTEM32\WINHTTP.dll
0x00007ffa2ce40000 - 0x00007ffa2cea9000 	C:\WINDOWS\system32\mswsock.dll
0x00007ff9fe860000 - 0x00007ff9fe876000 	C:\Program Files\Android\Android Studio\jbr\bin\nio.dll
0x00007ffa1a900000 - 0x00007ffa1a910000 	C:\Program Files\Android\Android Studio\jbr\bin\verify.dll
0x00007ff9f9da0000 - 0x00007ff9f9dc7000 	C:\Users\MJAZ\.gradle\native\c067742578af261105cb4f569cf0c3c89f3d7b1fecec35dd04571415982c5e48\windows-amd64\native-platform.dll
0x00007ff9c7e20000 - 0x00007ff9c7f64000 	C:\Users\MJAZ\.gradle\native\38dada09dfb8b06ba9b0570ebf7e218e3eb74d4ef43ca46872605cf95ebc2f47\windows-amd64\native-platform-file-events.dll
0x00007ff9fe7c0000 - 0x00007ff9fe7c9000 	C:\Program Files\Android\Android Studio\jbr\bin\management.dll
0x00007ff9fe7b0000 - 0x00007ff9fe7bb000 	C:\Program Files\Android\Android Studio\jbr\bin\management_ext.dll
0x00007ffa2f3d0000 - 0x00007ffa2f3d8000 	C:\WINDOWS\System32\PSAPI.DLL
0x00007ffa2ded0000 - 0x00007ffa2deeb000 	C:\WINDOWS\SYSTEM32\CRYPTSP.dll
0x00007ffa2cf00000 - 0x00007ffa2cf35000 	C:\WINDOWS\system32\rsaenh.dll
0x00007ffa2d270000 - 0x00007ffa2d298000 	C:\WINDOWS\SYSTEM32\USERENV.dll
0x00007ffa2d2c0000 - 0x00007ffa2d2cc000 	C:\WINDOWS\SYSTEM32\CRYPTBASE.dll
0x00007ffa2c4e0000 - 0x00007ffa2c50d000 	C:\WINDOWS\SYSTEM32\IPHLPAPI.DLL
0x00007ffa2f340000 - 0x00007ffa2f349000 	C:\WINDOWS\System32\NSI.dll
0x00007ffa256d0000 - 0x00007ffa256e9000 	C:\WINDOWS\SYSTEM32\dhcpcsvc6.DLL
0x00007ffa256b0000 - 0x00007ffa256cf000 	C:\WINDOWS\SYSTEM32\dhcpcsvc.DLL
0x00007ffa2c510000 - 0x00007ffa2c608000 	C:\WINDOWS\SYSTEM32\DNSAPI.dll
0x00007ffa163a0000 - 0x00007ffa163a9000 	C:\Program Files\Android\Android Studio\jbr\bin\extnet.dll
0x00007ff9c5e10000 - 0x00007ff9c5e18000 	C:\WINDOWS\system32\wshunix.dll

dbghelp: loaded successfully - version: 4.0.5 - missing functions: none
symbol engine: initialized successfully - sym options: 0x614 - pdb path: .;C:\Program Files\Android\Android Studio\jbr\bin;C:\WINDOWS\SYSTEM32;C:\WINDOWS\WinSxS\amd64_microsoft.windows.common-controls_6595b64144ccf1df_6.0.22621.3672_none_2713b9d173822955;C:\Program Files\Android\Android Studio\jbr\bin\server;C:\Users\MJAZ\.gradle\native\c067742578af261105cb4f569cf0c3c89f3d7b1fecec35dd04571415982c5e48\windows-amd64;C:\Users\MJAZ\.gradle\native\38dada09dfb8b06ba9b0570ebf7e218e3eb74d4ef43ca46872605cf95ebc2f47\windows-amd64

VM Arguments:
jvm_args: -XX:MaxMetaspaceSize=512m --add-opens=java.base/java.util=ALL-UNNAMED --add-opens=java.base/java.lang=ALL-UNNAMED --add-opens=java.base/java.lang.invoke=ALL-UNNAMED --add-opens=java.prefs/java.util.prefs=ALL-UNNAMED --add-opens=java.base/java.nio.charset=ALL-UNNAMED --add-opens=java.base/java.net=ALL-UNNAMED --add-opens=java.base/java.util.concurrent.atomic=ALL-UNNAMED -Xmx2048m -Dfile.encoding=windows-1252 -Duser.country=ID -Duser.language=en -Duser.variant -javaagent:C:\Users\MJAZ\.gradle\wrapper\dists\gradle-8.6-all\3mbtmo166bl6vumsh5k2lkq5h\gradle-8.6\lib\agents\gradle-instrumentation-agent-8.6.jar 
java_command: org.gradle.launcher.daemon.bootstrap.GradleDaemon 8.6
java_class_path (initial): C:\Users\MJAZ\.gradle\wrapper\dists\gradle-8.6-all\3mbtmo166bl6vumsh5k2lkq5h\gradle-8.6\lib\gradle-launcher-8.6.jar
Launcher Type: SUN_STANDARD

[Global flags]
     intx CICompilerCount                          = 4                                         {product} {ergonomic}
   size_t CompressedClassSpaceSize                 = 436207616                                 {product} {ergonomic}
     uint ConcGCThreads                            = 2                                         {product} {ergonomic}
     uint G1ConcRefinementThreads                  = 8                                         {product} {ergonomic}
   size_t G1HeapRegionSize                         = 1048576                                   {product} {ergonomic}
    uintx GCDrainStackTargetSize                   = 64                                        {product} {ergonomic}
   size_t InitialHeapSize                          = 266338304                                 {product} {ergonomic}
   size_t MarkStackSize                            = 4194304                                   {product} {ergonomic}
   size_t MaxHeapSize                              = 2147483648                                {product} {command line}
   size_t MaxMetaspaceSize                         = 536870912                                 {product} {command line}
   size_t MaxNewSize                               = 1287651328                                {product} {ergonomic}
   size_t MinHeapDeltaBytes                        = 1048576                                   {product} {ergonomic}
   size_t MinHeapSize                              = 8388608                                   {product} {ergonomic}
    uintx NonNMethodCodeHeapSize                   = 5839372                                {pd product} {ergonomic}
    uintx NonProfiledCodeHeapSize                  = 122909434                              {pd product} {ergonomic}
    uintx ProfiledCodeHeapSize                     = 122909434                              {pd product} {ergonomic}
    uintx ReservedCodeCacheSize                    = 251658240                              {pd product} {ergonomic}
     bool SegmentedCodeCache                       = true                                      {product} {ergonomic}
   size_t SoftMaxHeapSize                          = 2147483648                             {manageable} {ergonomic}
     bool UseCompressedClassPointers               = true                           {product lp64_product} {ergonomic}
     bool UseCompressedOops                        = true                           {product lp64_product} {ergonomic}
     bool UseG1GC                                  = true                                      {product} {ergonomic}
     bool UseLargePagesIndividualAllocation        = false                                  {pd product} {ergonomic}

Logging:
Log output configuration:
 #0: stdout all=warning uptime,level,tags
 #1: stderr all=off uptime,level,tags

Environment Variables:
JAVA_HOME=C:\Program Files\Java\jdk-21
PATH=C:\Python312\Scripts\;C:\Python312\;C:\Program Files\Common Files\Oracle\Java\javapath;C:\Program Files (x86)\Common Files\Intel\Shared Libraries\redist\intel64\compiler;C:\WINDOWS\system32;C:\WINDOWS;C:\WINDOWS\System32\Wbem;C:\WINDOWS\System32\WindowsPowerShell\v1.0\;C:\WINDOWS\System32\OpenSSH\;C:\Program Files (x86)\dotnet\;C:\Program Files\dotnet\;C:\Program Files\Azure Data Studio\bin;C:\Program Files\Microsoft VS Code\bin;C:\Program Files\Microsoft SQL Server\Client SDK\ODBC\130\Tools\Binn\;C:\ProgramData\chocolatey\bin;C:\Program Files\nodejs\;C:\Program Files\Git\cmd;C:\xampp\php;C:\ProgramData\ComposerSetup\bin;C:\Program Files (x86)\cloudflared\;C:\Program Files\MySQL\MySQL Server 8.0\bin;C:\Users\MJAZ\AppData\Local\Android\Sdk\tools;C:\Program Files\Java\jdk-21\bin;C:\Program Files (x86)\Inno Setup 6;C:\Users\MJAZ\AppData\Local\Android\Sdk\platform-tools;C:\Users\MJAZ\AppData\Local\Programs\Python\Python311\Scripts\;C:\Users\MJAZ\AppData\Local\Programs\Python\Python311\;C:\Users\MJAZ\AppData\Local\Microsoft\WindowsApps;C:\Program Files\Azure Data Studio\bin;C:\msys64\mingw64\bin;C:\Users\MJAZ\AppData\Roaming\npm;C:\Users\MJAZ\AppData\Local\GitHubDesktop\bin;C:\Users\MJAZ\AppData\Roaming\Composer\vendor\bin;C:\Program Files\MySQL\MySQL Server 8.0\bin;
USERNAME=MJAZ
OS=Windows_NT
PROCESSOR_IDENTIFIER=Intel64 Family 6 Model 142 Stepping 12, GenuineIntel
TMP=C:\Users\MJAZ\AppData\Local\Temp
TEMP=C:\Users\MJAZ\AppData\Local\Temp



Periodic native trim disabled

JNI global refs:
JNI global refs: 28, weak refs: 2

JNI global refs memory usage: 843, weak refs: 841

OOME stack traces (most recent first):
Classloader memory used:
Loader org.gradle.internal.classloader.VisitableURLClassLoader                         : 4709K
Loader bootstrap                                                                       : 2707K
Loader org.gradle.initialization.MixInLegacyTypesClassLoader                           : 1374K
Loader org.gradle.internal.classloader.VisitableURLClassLoader$InstrumentingVisitableURLClassLoader: 609K
Loader org.gradle.internal.classloader.VisitableURLClassLoader                         : 89758B
Loader jdk.internal.reflect.DelegatingClassLoader                                      : 68574B
Loader jdk.internal.loader.ClassLoaders$PlatformClassLoader                            : 65572B
Loader jdk.internal.loader.ClassLoaders$AppClassLoader                                 : 28736B
Loader org.gradle.groovy.scripts.internal.DefaultScriptCompilationHandler$ScriptClassLoader: 26390B
Loader org.codehaus.groovy.runtime.callsite.CallSiteClassLoader                        : 11674B
Loader sun.reflect.misc.MethodUtil                                                     : 373B

Classes loaded by more than one classloader:
Class Program                                                                         : loaded 4 times (x 70B)
Class org.gradle.internal.Cast                                                        : loaded 3 times (x 69B)
Class org.gradle.api.GradleException                                                  : loaded 3 times (x 80B)
Class org.jetbrains.plugins.gradle.model.MavenRepositoryModel                         : loaded 2 times (x 68B)
Class org.gradle.internal.classpath.ClassPath                                         : loaded 2 times (x 68B)
Class org.gradle.api.internal.classpath.DefaultModuleRegistry                         : loaded 2 times (x 84B)
Class org.gradle.internal.exceptions.NonGradleCauseExceptionsHolder                   : loaded 2 times (x 68B)
Class org.gradle.api.Action                                                           : loaded 2 times (x 68B)
Class org.jetbrains.kotlin.idea.gradleTooling.model.samWithReceiver.SamWithReceiverModel: loaded 2 times (x 68B)
Class org.jetbrains.plugins.gradle.model.ExternalProject                              : loaded 2 times (x 68B)
Class org.jetbrains.plugins.gradle.model.IntelliJSettings                             : loaded 2 times (x 68B)
Class org.jetbrains.kotlin.tooling.core.Extras                                        : loaded 2 times (x 68B)
Class org.jetbrains.kotlin.idea.gradleTooling.KotlinMPPGradleModel                    : loaded 2 times (x 68B)
Class org.gradle.api.internal.DefaultClassPathProvider                                : loaded 2 times (x 74B)
Class org.gradle.internal.installation.GradleInstallation$1                           : loaded 2 times (x 73B)
Class org.gradle.internal.exceptions.DefaultMultiCauseException                       : loaded 2 times (x 89B)
Class org.gradle.tooling.model.UnsupportedMethodException                             : loaded 2 times (x 80B)
Class org.gradle.internal.time.MonotonicClock                                         : loaded 2 times (x 75B)
Class org.gradle.internal.classloader.FilteringClassLoader                            : loaded 2 times (x 103B)
Class org.gradle.tooling.model.Model                                                  : loaded 2 times (x 68B)
Class org.gradle.internal.classpath.DefaultClassPath$ImmutableUniqueList$Builder      : loaded 2 times (x 73B)
Class sync_studio_tooling1_csz8ju1maxdvmso9es3kxgtdm$_run_closure1                    : loaded 2 times (x 137B)
Class org.jetbrains.kotlin.idea.gradleTooling.KotlinSourceSetContainer                : loaded 2 times (x 68B)
Class org.gradle.internal.classloader.ClassLoaderVisitor                              : loaded 2 times (x 74B)
Class org.gradle.internal.time.DefaultCountdownTimer                                  : loaded 2 times (x 86B)
Class org.gradle.internal.service.DefaultServiceLocator                               : loaded 2 times (x 81B)
Class org.gradle.internal.service.UnknownServiceException                             : loaded 2 times (x 81B)
Class org.jetbrains.plugins.gradle.model.DependencyAccessorsModel                     : loaded 2 times (x 68B)
Class org.gradle.internal.classloader.DefaultClassLoaderFactory                       : loaded 2 times (x 80B)
Class org.jetbrains.plugins.gradle.model.GradleExtensions                             : loaded 2 times (x 68B)
Class org.jetbrains.plugins.gradle.model.VersionCatalogsModel                         : loaded 2 times (x 68B)
Class org.gradle.internal.classloader.VisitableURLClassLoader$Spec                    : loaded 2 times (x 72B)
Class org.gradle.tooling.model.ProjectModel                                           : loaded 2 times (x 68B)
Class sync_studio_tooling1_csz8ju1maxdvmso9es3kxgtdm                                  : loaded 2 times (x 177B)
Class org.gradle.util.GradleVersion                                                   : loaded 2 times (x 81B)
Class org.gradle.api.internal.classpath.ModuleRegistry                                : loaded 2 times (x 68B)
Class org.jetbrains.plugins.gradle.model.RepositoriesModel                            : loaded 2 times (x 68B)
Class kotlin.jvm.internal.markers.KMappedMarker                                       : loaded 2 times (x 68B)
Class org.gradle.api.internal.ClassPathProvider                                       : loaded 2 times (x 68B)
Class org.gradle.internal.classloader.ClasspathUtil$1                                 : loaded 2 times (x 74B)
Class org.gradle.internal.classloader.ClassLoaderFactory                              : loaded 2 times (x 68B)
Class org.gradle.api.internal.classpath.ManifestUtil                                  : loaded 2 times (x 69B)
Class org.gradle.api.specs.Spec                                                       : loaded 2 times (x 68B)
Class org.gradle.tooling.internal.gradle.GradleBuildIdentity                          : loaded 2 times (x 68B)
Class org.gradle.internal.IoActions                                                   : loaded 2 times (x 69B)
Class org.gradle.api.internal.classpath.EffectiveClassPath                            : loaded 2 times (x 88B)
Class kotlin.jvm.internal.DefaultConstructorMarker                                    : loaded 2 times (x 69B)
Class org.jetbrains.kotlin.idea.gradleTooling.model.annotation.AnnotationBasedPluginModel: loaded 2 times (x 68B)
Class org.jetbrains.kotlin.idea.gradleTooling.model.assignment.AssignmentModel        : loaded 2 times (x 68B)
Class org.gradle.internal.installation.CurrentGradleInstallation                      : loaded 2 times (x 71B)
Class org.gradle.internal.agents.InstrumentingClassLoader                             : loaded 2 times (x 68B)
Class org.gradle.internal.installation.CurrentGradleInstallationLocator               : loaded 2 times (x 69B)
Class org.gradle.api.internal.classpath.Module                                        : loaded 2 times (x 68B)
Class org.gradle.internal.service.CachingServiceLocator                               : loaded 2 times (x 80B)
Class org.gradle.internal.time.Timer                                                  : loaded 2 times (x 68B)
Class org.jetbrains.plugins.gradle.model.tests.ExternalTestsModel                     : loaded 2 times (x 68B)
Class org.jetbrains.kotlin.idea.gradleTooling.KotlinDslScriptAdditionalTask           : loaded 2 times (x 68B)
Class org.gradle.internal.classpath.DefaultClassPath                                  : loaded 2 times (x 88B)
Class com.intellij.openapi.externalSystem.model.project.dependencies.ProjectDependencies: loaded 2 times (x 68B)
Class Build_gradle$1                                                                  : loaded 2 times (x 76B)
Class org.jetbrains.kotlin.idea.gradleTooling.PrepareKotlinIdeImportTaskModel         : loaded 2 times (x 68B)
Class org.gradle.internal.impldep.com.google.common.base.Preconditions                : loaded 2 times (x 69B)
Class kotlin.jvm.functions.Function1                                                  : loaded 2 times (x 68B)
Class org.gradle.internal.time.Time                                                   : loaded 2 times (x 69B)
Class org.gradle.internal.time.TimeSource$1                                           : loaded 2 times (x 75B)
Class org.gradle.internal.classloader.SystemClassLoaderSpec                           : loaded 2 times (x 69B)
Class kotlin.Function                                                                 : loaded 2 times (x 68B)
Class org.gradle.api.UncheckedIOException                                             : loaded 2 times (x 80B)
Class org.gradle.tooling.internal.gradle.DefaultProjectIdentifier                     : loaded 2 times (x 84B)
Class org.gradle.tooling.internal.gradle.GradleProjectIdentity                        : loaded 2 times (x 68B)
Class org.gradle.internal.time.CountdownTimer                                         : loaded 2 times (x 68B)
Class org.gradle.internal.time.Clock                                                  : loaded 2 times (x 68B)
Class org.gradle.internal.classloader.ClasspathUtil                                   : loaded 2 times (x 69B)
Class org.jetbrains.kotlin.tooling.core.HasMutableExtras                              : loaded 2 times (x 68B)
Class org.gradle.tooling.model.BuildIdentifier                                        : loaded 2 times (x 68B)
Class org.gradle.api.internal.DefaultClassPathRegistry                                : loaded 2 times (x 74B)
Class org.gradle.api.internal.classpath.DefaultModuleRegistry$DefaultModule           : loaded 2 times (x 84B)
Class org.gradle.internal.time.TimeSource                                             : loaded 2 times (x 68B)
Class org.jetbrains.kotlin.android.synthetic.idea.AndroidExtensionsGradleModel        : loaded 2 times (x 68B)
Class org.gradle.api.internal.classpath.UnknownModuleException                        : loaded 2 times (x 80B)
Class org.jetbrains.plugins.gradle.model.IntelliJProjectSettings                      : loaded 2 times (x 68B)
Class org.gradle.internal.service.ServiceLookupException                              : loaded 2 times (x 80B)
Class org.gradle.cache.GlobalCache                                                    : loaded 2 times (x 68B)
Class org.jetbrains.kotlin.idea.gradleTooling.model.lombok.LombokModel                : loaded 2 times (x 68B)
Class org.gradle.tooling.model.ProjectIdentifier                                      : loaded 2 times (x 68B)
Class [Lorg.gradle.api.internal.ClassPathProvider;                                    : loaded 2 times (x 67B)
Class org.gradle.internal.operations.MultipleBuildOperationFailures                   : loaded 2 times (x 89B)
Class org.gradle.util.internal.GUtil                                                  : loaded 2 times (x 69B)
Class org.jetbrains.plugins.gradle.model.AnnotationProcessingModel                    : loaded 2 times (x 68B)
Class org.gradle.internal.classloader.ClassLoaderSpec                                 : loaded 2 times (x 69B)
Class org.jetbrains.plugins.gradle.model.BuildScriptClasspathModel                    : loaded 2 times (x 68B)
Class org.gradle.internal.classloader.VisitableURLClassLoader                         : loaded 2 times (x 115B)
Class ijInit1_73scyyzhmbqhhbnnkcvd4hhtw                                               : loaded 2 times (x 177B)
Class org.gradle.internal.installation.GradleInstallation                             : loaded 2 times (x 73B)
Class Build_gradle                                                                    : loaded 2 times (x 128B)
Class org.gradle.api.internal.ClassPathRegistry                                       : loaded 2 times (x 68B)
Class org.gradle.internal.classloader.VisitableURLClassLoader$InstrumentingVisitableURLClassLoader: loaded 2 times (x 121B)
Class org.gradle.internal.classloader.ClassLoaderHierarchy                            : loaded 2 times (x 68B)
Class org.gradle.internal.exceptions.MultiCauseException                              : loaded 2 times (x 68B)
Class org.jetbrains.kotlin.idea.gradleTooling.model.parcelize.ParcelizeGradleModel    : loaded 2 times (x 68B)
Class org.gradle.internal.InternalTransformer                                         : loaded 2 times (x 68B)
Class org.jetbrains.kotlin.idea.gradleTooling.model.noarg.NoArgModel                  : loaded 2 times (x 68B)
Class org.jetbrains.kotlin.idea.gradleTooling.KotlinGradleModel                       : loaded 2 times (x 68B)
Class org.gradle.tooling.internal.gradle.DefaultBuildIdentifier                       : loaded 2 times (x 77B)
Class org.gradle.internal.service.ServiceLocator                                      : loaded 2 times (x 68B)
Class org.jetbrains.kotlin.idea.gradleTooling.model.allopen.AllOpenModel              : loaded 2 times (x 68B)
Class org.gradle.internal.classpath.DefaultClassPath$ImmutableUniqueList              : loaded 2 times (x 159B)
Class org.gradle.internal.time.DefaultTimer                                           : loaded 2 times (x 78B)
Class org.gradle.internal.classpath.TransformedClassPath                              : loaded 2 times (x 94B)
Class org.jetbrains.kotlin.tooling.core.HasExtras                                     : loaded 2 times (x 68B)
Class Settings_gradle                                                                 : loaded 2 times (x 126B)


---------------  S Y S T E M  ---------------

OS:
 Windows 11 , 64 bit Build 22621 (10.0.22621.3672)
OS uptime: 0 days 0:06 hours

CPU: total 8 (initial active 8) (4 cores per cpu, 2 threads per core) family 6 model 142 stepping 12 microcode 0xf8, cx8, cmov, fxsr, ht, mmx, 3dnowpref, sse, sse2, sse3, ssse3, sse4.1, sse4.2, popcnt, lzcnt, tsc, tscinvbit, avx, avx2, aes, erms, clmul, bmi1, bmi2, adx, fma, vzeroupper, clflush, clflushopt
Processor Information for all 8 processors :
  Max Mhz: 2304, Current Mhz: 1803, Mhz Limit: 1797

Memory: 4k page, system-wide physical 16135M (8625M free)
TotalPageFile size 17159M (AvailPageFile size 9355M)
current process WorkingSet (physical memory assigned to process): 385M, peak: 385M
current process commit charge ("private bytes"): 420M, peak: 420M

vm_info: OpenJDK 64-Bit Server VM (17.0.10+0--11572160) for windows-amd64 JRE (17.0.10+0--11572160), built on Mar 13 2024 23:56:38 by "androidbuild" with MS VC++ 16.10 / 16.11 (VS2019)

END.
